[2025-06-10 11:37:30] μλ™ μ—…λ°μ΄νΈ μ‹μ‘
π•’ μ•”νΈν™”ν λ°μ΄ν„° μμ§‘ μ¤‘...
YF.download() has changed argument auto_adjust default to True
β… λ°μ΄ν„° μμ§‘ μ™„λ£: 2017-11-09 ~ 2025-06-10

π“ BTC μ „λµ ν‰κ°€ μ¤‘...
π“ ETH μ „λµ ν‰κ°€ μ¤‘...
π“ 50:50 λ¦¬λ°Έλ°μ‹± μ „λµ ν‰κ°€ μ¤‘...
π“ 60:40 λ¦¬λ°Έλ°μ‹± μ „λµ ν‰κ°€ μ¤‘...

β… μµμ ν™” μ™„λ£ λ° κ²°κ³Ό μ €μ¥: strategy_results.json
[2025-06-10 11:37:30] μλ™ μ—…λ°μ΄νΈ μ„±κ³µ
[2025-06-10 11:37:30] μλ™ μ—…λ°μ΄νΈ μ™„λ£

[2025-06-11 11:05:02] μλ™ μ—…λ°μ΄νΈ μ‹μ‘
π•’ μ•”νΈν™”ν λ°μ΄ν„° μμ§‘ μ¤‘...
YF.download() has changed argument auto_adjust default to True
β… λ°μ΄ν„° μμ§‘ μ™„λ£: 2017-11-09 ~ 2025-06-11

π“ BTC μ „λµ ν‰κ°€ μ¤‘...
π“ ETH μ „λµ ν‰κ°€ μ¤‘...
π“ 50:50 λ¦¬λ°Έλ°μ‹± μ „λµ ν‰κ°€ μ¤‘...
π“ 60:40 λ¦¬λ°Έλ°μ‹± μ „λµ ν‰κ°€ μ¤‘...

β… μµμ ν™” μ™„λ£ λ° κ²°κ³Ό μ €μ¥: strategy_results.json
[2025-06-11 11:05:02] μλ™ μ—…λ°μ΄νΈ μ„±κ³µ
[2025-06-11 11:05:02] μλ™ μ—…λ°μ΄νΈ μ™„λ£

