[2024-01-01 09:00:00] ìžë™ ì—…ë°ì´íŠ¸ ì‹œìž‘
[2024-01-01 09:02:10] ìžë™ ì—…ë°ì´íŠ¸ ì„±ê³µ
[2024-01-01 09:02:10] ìžë™ ì—…ë°ì´íŠ¸ ì™„ë£Œ

[2025-06-16 09:58:23] ìžë™ ì—…ë°ì´íŠ¸ ì‹œìž‘
Requirement already satisfied: streamlit>=1.28.0 in /opt/hostedtoolcache/Python/3.11.12/x64/lib/python3.11/site-packages (from -r requirements.txt (line 1)) (1.45.1)
Requirement already satisfied: pandas>=1.5.0 in /opt/hostedtoolcache/Python/3.11.12/x64/lib/python3.11/site-packages (from -r requirements.txt (line 2)) (2.3.0)
Requirement already satisfied: numpy>=1.24.0 in /opt/hostedtoolcache/Python/3.11.12/x64/lib/python3.11/site-packages (from -r requirements.txt (line 3)) (2.3.0)
Requirement already satisfied: yfinance>=0.2.0 in /opt/hostedtoolcache/Python/3.11.12/x64/lib/python3.11/site-packages (from -r requirements.txt (line 4)) (0.2.63)
Requirement already satisfied: plotly>=5.15.0 in /opt/hostedtoolcache/Python/3.11.12/x64/lib/python3.11/site-packages (from -r requirements.txt (line 5)) (6.1.2)
Requirement already satisfied: python-dateutil>=2.8.0 in /opt/hostedtoolcache/Python/3.11.12/x64/lib/python3.11/site-packages (from -r requirements.txt (line 6)) (2.9.0.post0)
Requirement already satisfied: altair<6,>=4.0 in /opt/hostedtoolcache/Python/3.11.12/x64/lib/python3.11/site-packages (from streamlit>=1.28.0->-r requirements.txt (line 1)) (5.5.0)
Requirement already satisfied: blinker<2,>=1.5.0 in /opt/hostedtoolcache/Python/3.11.12/x64/lib/python3.11/site-packages (from streamlit>=1.28.0->-r requirements.txt (line 1)) (1.9.0)
Requirement already satisfied: cachetools<6,>=4.0 in /opt/hostedtoolcache/Python/3.11.12/x64/lib/python3.11/site-packages (from streamlit>=1.28.0->-r requirements.txt (line 1)) (5.5.2)
Requirement already satisfied: click<9,>=7.0 in /opt/hostedtoolcache/Python/3.11.12/x64/lib/python3.11/site-packages (from streamlit>=1.28.0->-r requirements.txt (line 1)) (8.2.1)
Requirement already satisfied: packaging<25,>=20 in /opt/hostedtoolcache/Python/3.11.12/x64/lib/python3.11/site-packages (from streamlit>=1.28.0->-r requirements.txt (line 1)) (24.2)
Requirement already satisfied: pillow<12,>=7.1.0 in /opt/hostedtoolcache/Python/3.11.12/x64/lib/python3.11/site-packages (from streamlit>=1.28.0->-r requirements.txt (line 1)) (11.2.1)
Requirement already satisfied: protobuf<7,>=3.20 in /opt/hostedtoolcache/Python/3.11.12/x64/lib/python3.11/site-packages (from streamlit>=1.28.0->-r requirements.txt (line 1)) (6.31.1)
Requirement already satisfied: pyarrow>=7.0 in /opt/hostedtoolcache/Python/3.11.12/x64/lib/python3.11/site-packages (from streamlit>=1.28.0->-r requirements.txt (line 1)) (20.0.0)
Requirement already satisfied: requests<3,>=2.27 in /opt/hostedtoolcache/Python/3.11.12/x64/lib/python3.11/site-packages (from streamlit>=1.28.0->-r requirements.txt (line 1)) (2.32.4)
Requirement already satisfied: tenacity<10,>=8.1.0 in /opt/hostedtoolcache/Python/3.11.12/x64/lib/python3.11/site-packages (from streamlit>=1.28.0->-r requirements.txt (line 1)) (9.1.2)
Requirement already satisfied: toml<2,>=0.10.1 in /opt/hostedtoolcache/Python/3.11.12/x64/lib/python3.11/site-packages (from streamlit>=1.28.0->-r requirements.txt (line 1)) (0.10.2)
Requirement already satisfied: typing-extensions<5,>=4.4.0 in /opt/hostedtoolcache/Python/3.11.12/x64/lib/python3.11/site-packages (from streamlit>=1.28.0->-r requirements.txt (line 1)) (4.14.0)
Requirement already satisfied: watchdog<7,>=2.1.5 in /opt/hostedtoolcache/Python/3.11.12/x64/lib/python3.11/site-packages (from streamlit>=1.28.0->-r requirements.txt (line 1)) (6.0.0)
Requirement already satisfied: gitpython!=3.1.19,<4,>=3.0.7 in /opt/hostedtoolcache/Python/3.11.12/x64/lib/python3.11/site-packages (from streamlit>=1.28.0->-r requirements.txt (line 1)) (3.1.44)
Requirement already satisfied: pydeck<1,>=0.8.0b4 in /opt/hostedtoolcache/Python/3.11.12/x64/lib/python3.11/site-packages (from streamlit>=1.28.0->-r requirements.txt (line 1)) (0.9.1)
Requirement already satisfied: tornado<7,>=6.0.3 in /opt/hostedtoolcache/Python/3.11.12/x64/lib/python3.11/site-packages (from streamlit>=1.28.0->-r requirements.txt (line 1)) (6.5.1)
Requirement already satisfied: pytz>=2020.1 in /opt/hostedtoolcache/Python/3.11.12/x64/lib/python3.11/site-packages (from pandas>=1.5.0->-r requirements.txt (line 2)) (2025.2)
Requirement already satisfied: tzdata>=2022.7 in /opt/hostedtoolcache/Python/3.11.12/x64/lib/python3.11/site-packages (from pandas>=1.5.0->-r requirements.txt (line 2)) (2025.2)
Requirement already satisfied: jinja2 in /opt/hostedtoolcache/Python/3.11.12/x64/lib/python3.11/site-packages (from altair<6,>=4.0->streamlit>=1.28.0->-r requirements.txt (line 1)) (3.1.6)
Requirement already satisfied: jsonschema>=3.0 in /opt/hostedtoolcache/Python/3.11.12/x64/lib/python3.11/site-packages (from altair<6,>=4.0->streamlit>=1.28.0->-r requirements.txt (line 1)) (4.24.0)
Requirement already satisfied: narwhals>=1.14.2 in /opt/hostedtoolcache/Python/3.11.12/x64/lib/python3.11/site-packages (from altair<6,>=4.0->streamlit>=1.28.0->-r requirements.txt (line 1)) (1.42.1)
Requirement already satisfied: gitdb<5,>=4.0.1 in /opt/hostedtoolcache/Python/3.11.12/x64/lib/python3.11/site-packages (from gitpython!=3.1.19,<4,>=3.0.7->streamlit>=1.28.0->-r requirements.txt (line 1)) (4.0.12)
Requirement already satisfied: smmap<6,>=3.0.1 in /opt/hostedtoolcache/Python/3.11.12/x64/lib/python3.11/site-packages (from gitdb<5,>=4.0.1->gitpython!=3.1.19,<4,>=3.0.7->streamlit>=1.28.0->-r requirements.txt (line 1)) (5.0.2)
Requirement already satisfied: charset_normalizer<4,>=2 in /opt/hostedtoolcache/Python/3.11.12/x64/lib/python3.11/site-packages (from requests<3,>=2.27->streamlit>=1.28.0->-r requirements.txt (line 1)) (3.4.2)
Requirement already satisfied: idna<4,>=2.5 in /opt/hostedtoolcache/Python/3.11.12/x64/lib/python3.11/site-packages (from requests<3,>=2.27->streamlit>=1.28.0->-r requirements.txt (line 1)) (3.10)
Requirement already satisfied: urllib3<3,>=1.21.1 in /opt/hostedtoolcache/Python/3.11.12/x64/lib/python3.11/site-packages (from requests<3,>=2.27->streamlit>=1.28.0->-r requirements.txt (line 1)) (2.4.0)
Requirement already satisfied: certifi>=2017.4.17 in /opt/hostedtoolcache/Python/3.11.12/x64/lib/python3.11/site-packages (from requests<3,>=2.27->streamlit>=1.28.0->-r requirements.txt (line 1)) (2025.6.15)
Requirement already satisfied: multitasking>=0.0.7 in /opt/hostedtoolcache/Python/3.11.12/x64/lib/python3.11/site-packages (from yfinance>=0.2.0->-r requirements.txt (line 4)) (0.0.11)
Requirement already satisfied: platformdirs>=2.0.0 in /opt/hostedtoolcache/Python/3.11.12/x64/lib/python3.11/site-packages (from yfinance>=0.2.0->-r requirements.txt (line 4)) (4.3.8)
Requirement already satisfied: frozendict>=2.3.4 in /opt/hostedtoolcache/Python/3.11.12/x64/lib/python3.11/site-packages (from yfinance>=0.2.0->-r requirements.txt (line 4)) (2.4.6)
Requirement already satisfied: peewee>=3.16.2 in /opt/hostedtoolcache/Python/3.11.12/x64/lib/python3.11/site-packages (from yfinance>=0.2.0->-r requirements.txt (line 4)) (3.18.1)
Requirement already satisfied: beautifulsoup4>=4.11.1 in /opt/hostedtoolcache/Python/3.11.12/x64/lib/python3.11/site-packages (from yfinance>=0.2.0->-r requirements.txt (line 4)) (4.13.4)
Requirement already satisfied: curl_cffi>=0.7 in /opt/hostedtoolcache/Python/3.11.12/x64/lib/python3.11/site-packages (from yfinance>=0.2.0->-r requirements.txt (line 4)) (0.11.3)
Requirement already satisfied: websockets>=13.0 in /opt/hostedtoolcache/Python/3.11.12/x64/lib/python3.11/site-packages (from yfinance>=0.2.0->-r requirements.txt (line 4)) (15.0.1)
Requirement already satisfied: six>=1.5 in /opt/hostedtoolcache/Python/3.11.12/x64/lib/python3.11/site-packages (from python-dateutil>=2.8.0->-r requirements.txt (line 6)) (1.17.0)
Requirement already satisfied: soupsieve>1.2 in /opt/hostedtoolcache/Python/3.11.12/x64/lib/python3.11/site-packages (from beautifulsoup4>=4.11.1->yfinance>=0.2.0->-r requirements.txt (line 4)) (2.7)
Requirement already satisfied: cffi>=1.12.0 in /opt/hostedtoolcache/Python/3.11.12/x64/lib/python3.11/site-packages (from curl_cffi>=0.7->yfinance>=0.2.0->-r requirements.txt (line 4)) (1.17.1)
Requirement already satisfied: pycparser in /opt/hostedtoolcache/Python/3.11.12/x64/lib/python3.11/site-packages (from cffi>=1.12.0->curl_cffi>=0.7->yfinance>=0.2.0->-r requirements.txt (line 4)) (2.22)
Requirement already satisfied: MarkupSafe>=2.0 in /opt/hostedtoolcache/Python/3.11.12/x64/lib/python3.11/site-packages (from jinja2->altair<6,>=4.0->streamlit>=1.28.0->-r requirements.txt (line 1)) (3.0.2)
Requirement already satisfied: attrs>=22.2.0 in /opt/hostedtoolcache/Python/3.11.12/x64/lib/python3.11/site-packages (from jsonschema>=3.0->altair<6,>=4.0->streamlit>=1.28.0->-r requirements.txt (line 1)) (25.3.0)
Requirement already satisfied: jsonschema-specifications>=2023.03.6 in /opt/hostedtoolcache/Python/3.11.12/x64/lib/python3.11/site-packages (from jsonschema>=3.0->altair<6,>=4.0->streamlit>=1.28.0->-r requirements.txt (line 1)) (2025.4.1)
Requirement already satisfied: referencing>=0.28.4 in /opt/hostedtoolcache/Python/3.11.12/x64/lib/python3.11/site-packages (from jsonschema>=3.0->altair<6,>=4.0->streamlit>=1.28.0->-r requirements.txt (line 1)) (0.36.2)
Requirement already satisfied: rpds-py>=0.7.1 in /opt/hostedtoolcache/Python/3.11.12/x64/lib/python3.11/site-packages (from jsonschema>=3.0->altair<6,>=4.0->streamlit>=1.28.0->-r requirements.txt (line 1)) (0.25.1)
ðŸ•’ ì•”í˜¸í™”í ë°ì´í„° ìˆ˜ì§‘ ì¤‘...
âœ… ë°ì´í„° ìˆ˜ì§‘ ì™„ë£Œ: 2017-11-09 ~ 2025-06-16

ðŸ“ˆ BTC ì „ëžµ í‰ê°€ ì¤‘...
ðŸ“ˆ ETH ì „ëžµ í‰ê°€ ì¤‘...
ðŸ“ˆ 50:50 ë¦¬ë°¸ëŸ°ì‹± ì „ëžµ í‰ê°€ ì¤‘...
ðŸ“ˆ 60:40 ë¦¬ë°¸ëŸ°ì‹± ì „ëžµ í‰ê°€ ì¤‘...

âœ… ìµœì í™” ì™„ë£Œ ë° ê²°ê³¼ ì €ìž¥: data/strategy_results.json
[2025-06-16 09:58:32] ìžë™ ì—…ë°ì´íŠ¸ ì„±ê³µ
[2025-06-16 09:58:32] ìžë™ ì—…ë°ì´íŠ¸ ì™„ë£Œ

[2025-06-17 09:56:25] ìžë™ ì—…ë°ì´íŠ¸ ì‹œìž‘
Requirement already satisfied: streamlit>=1.28.0 in /opt/hostedtoolcache/Python/3.11.12/x64/lib/python3.11/site-packages (from -r requirements.txt (line 1)) (1.45.1)
Requirement already satisfied: pandas>=1.5.0 in /opt/hostedtoolcache/Python/3.11.12/x64/lib/python3.11/site-packages (from -r requirements.txt (line 2)) (2.3.0)
Requirement already satisfied: numpy>=1.24.0 in /opt/hostedtoolcache/Python/3.11.12/x64/lib/python3.11/site-packages (from -r requirements.txt (line 3)) (2.3.0)
Requirement already satisfied: yfinance>=0.2.0 in /opt/hostedtoolcache/Python/3.11.12/x64/lib/python3.11/site-packages (from -r requirements.txt (line 4)) (0.2.63)
Requirement already satisfied: plotly>=5.15.0 in /opt/hostedtoolcache/Python/3.11.12/x64/lib/python3.11/site-packages (from -r requirements.txt (line 5)) (6.1.2)
Requirement already satisfied: python-dateutil>=2.8.0 in /opt/hostedtoolcache/Python/3.11.12/x64/lib/python3.11/site-packages (from -r requirements.txt (line 6)) (2.9.0.post0)
Requirement already satisfied: altair<6,>=4.0 in /opt/hostedtoolcache/Python/3.11.12/x64/lib/python3.11/site-packages (from streamlit>=1.28.0->-r requirements.txt (line 1)) (5.5.0)
Requirement already satisfied: blinker<2,>=1.5.0 in /opt/hostedtoolcache/Python/3.11.12/x64/lib/python3.11/site-packages (from streamlit>=1.28.0->-r requirements.txt (line 1)) (1.9.0)
Requirement already satisfied: cachetools<6,>=4.0 in /opt/hostedtoolcache/Python/3.11.12/x64/lib/python3.11/site-packages (from streamlit>=1.28.0->-r requirements.txt (line 1)) (5.5.2)
Requirement already satisfied: click<9,>=7.0 in /opt/hostedtoolcache/Python/3.11.12/x64/lib/python3.11/site-packages (from streamlit>=1.28.0->-r requirements.txt (line 1)) (8.2.1)
Requirement already satisfied: packaging<25,>=20 in /opt/hostedtoolcache/Python/3.11.12/x64/lib/python3.11/site-packages (from streamlit>=1.28.0->-r requirements.txt (line 1)) (24.2)
Requirement already satisfied: pillow<12,>=7.1.0 in /opt/hostedtoolcache/Python/3.11.12/x64/lib/python3.11/site-packages (from streamlit>=1.28.0->-r requirements.txt (line 1)) (11.2.1)
Requirement already satisfied: protobuf<7,>=3.20 in /opt/hostedtoolcache/Python/3.11.12/x64/lib/python3.11/site-packages (from streamlit>=1.28.0->-r requirements.txt (line 1)) (6.31.1)
Requirement already satisfied: pyarrow>=7.0 in /opt/hostedtoolcache/Python/3.11.12/x64/lib/python3.11/site-packages (from streamlit>=1.28.0->-r requirements.txt (line 1)) (20.0.0)
Requirement already satisfied: requests<3,>=2.27 in /opt/hostedtoolcache/Python/3.11.12/x64/lib/python3.11/site-packages (from streamlit>=1.28.0->-r requirements.txt (line 1)) (2.32.4)
Requirement already satisfied: tenacity<10,>=8.1.0 in /opt/hostedtoolcache/Python/3.11.12/x64/lib/python3.11/site-packages (from streamlit>=1.28.0->-r requirements.txt (line 1)) (9.1.2)
Requirement already satisfied: toml<2,>=0.10.1 in /opt/hostedtoolcache/Python/3.11.12/x64/lib/python3.11/site-packages (from streamlit>=1.28.0->-r requirements.txt (line 1)) (0.10.2)
Requirement already satisfied: typing-extensions<5,>=4.4.0 in /opt/hostedtoolcache/Python/3.11.12/x64/lib/python3.11/site-packages (from streamlit>=1.28.0->-r requirements.txt (line 1)) (4.14.0)
Requirement already satisfied: watchdog<7,>=2.1.5 in /opt/hostedtoolcache/Python/3.11.12/x64/lib/python3.11/site-packages (from streamlit>=1.28.0->-r requirements.txt (line 1)) (6.0.0)
Requirement already satisfied: gitpython!=3.1.19,<4,>=3.0.7 in /opt/hostedtoolcache/Python/3.11.12/x64/lib/python3.11/site-packages (from streamlit>=1.28.0->-r requirements.txt (line 1)) (3.1.44)
Requirement already satisfied: pydeck<1,>=0.8.0b4 in /opt/hostedtoolcache/Python/3.11.12/x64/lib/python3.11/site-packages (from streamlit>=1.28.0->-r requirements.txt (line 1)) (0.9.1)
Requirement already satisfied: tornado<7,>=6.0.3 in /opt/hostedtoolcache/Python/3.11.12/x64/lib/python3.11/site-packages (from streamlit>=1.28.0->-r requirements.txt (line 1)) (6.5.1)
Requirement already satisfied: pytz>=2020.1 in /opt/hostedtoolcache/Python/3.11.12/x64/lib/python3.11/site-packages (from pandas>=1.5.0->-r requirements.txt (line 2)) (2025.2)
Requirement already satisfied: tzdata>=2022.7 in /opt/hostedtoolcache/Python/3.11.12/x64/lib/python3.11/site-packages (from pandas>=1.5.0->-r requirements.txt (line 2)) (2025.2)
Requirement already satisfied: jinja2 in /opt/hostedtoolcache/Python/3.11.12/x64/lib/python3.11/site-packages (from altair<6,>=4.0->streamlit>=1.28.0->-r requirements.txt (line 1)) (3.1.6)
Requirement already satisfied: jsonschema>=3.0 in /opt/hostedtoolcache/Python/3.11.12/x64/lib/python3.11/site-packages (from altair<6,>=4.0->streamlit>=1.28.0->-r requirements.txt (line 1)) (4.24.0)
Requirement already satisfied: narwhals>=1.14.2 in /opt/hostedtoolcache/Python/3.11.12/x64/lib/python3.11/site-packages (from altair<6,>=4.0->streamlit>=1.28.0->-r requirements.txt (line 1)) (1.43.0)
Requirement already satisfied: gitdb<5,>=4.0.1 in /opt/hostedtoolcache/Python/3.11.12/x64/lib/python3.11/site-packages (from gitpython!=3.1.19,<4,>=3.0.7->streamlit>=1.28.0->-r requirements.txt (line 1)) (4.0.12)
Requirement already satisfied: smmap<6,>=3.0.1 in /opt/hostedtoolcache/Python/3.11.12/x64/lib/python3.11/site-packages (from gitdb<5,>=4.0.1->gitpython!=3.1.19,<4,>=3.0.7->streamlit>=1.28.0->-r requirements.txt (line 1)) (5.0.2)
Requirement already satisfied: charset_normalizer<4,>=2 in /opt/hostedtoolcache/Python/3.11.12/x64/lib/python3.11/site-packages (from requests<3,>=2.27->streamlit>=1.28.0->-r requirements.txt (line 1)) (3.4.2)
Requirement already satisfied: idna<4,>=2.5 in /opt/hostedtoolcache/Python/3.11.12/x64/lib/python3.11/site-packages (from requests<3,>=2.27->streamlit>=1.28.0->-r requirements.txt (line 1)) (3.10)
Requirement already satisfied: urllib3<3,>=1.21.1 in /opt/hostedtoolcache/Python/3.11.12/x64/lib/python3.11/site-packages (from requests<3,>=2.27->streamlit>=1.28.0->-r requirements.txt (line 1)) (2.4.0)
Requirement already satisfied: certifi>=2017.4.17 in /opt/hostedtoolcache/Python/3.11.12/x64/lib/python3.11/site-packages (from requests<3,>=2.27->streamlit>=1.28.0->-r requirements.txt (line 1)) (2025.6.15)
Requirement already satisfied: multitasking>=0.0.7 in /opt/hostedtoolcache/Python/3.11.12/x64/lib/python3.11/site-packages (from yfinance>=0.2.0->-r requirements.txt (line 4)) (0.0.11)
Requirement already satisfied: platformdirs>=2.0.0 in /opt/hostedtoolcache/Python/3.11.12/x64/lib/python3.11/site-packages (from yfinance>=0.2.0->-r requirements.txt (line 4)) (4.3.8)
Requirement already satisfied: frozendict>=2.3.4 in /opt/hostedtoolcache/Python/3.11.12/x64/lib/python3.11/site-packages (from yfinance>=0.2.0->-r requirements.txt (line 4)) (2.4.6)
Requirement already satisfied: peewee>=3.16.2 in /opt/hostedtoolcache/Python/3.11.12/x64/lib/python3.11/site-packages (from yfinance>=0.2.0->-r requirements.txt (line 4)) (3.18.1)
Requirement already satisfied: beautifulsoup4>=4.11.1 in /opt/hostedtoolcache/Python/3.11.12/x64/lib/python3.11/site-packages (from yfinance>=0.2.0->-r requirements.txt (line 4)) (4.13.4)
Requirement already satisfied: curl_cffi>=0.7 in /opt/hostedtoolcache/Python/3.11.12/x64/lib/python3.11/site-packages (from yfinance>=0.2.0->-r requirements.txt (line 4)) (0.11.3)
Requirement already satisfied: websockets>=13.0 in /opt/hostedtoolcache/Python/3.11.12/x64/lib/python3.11/site-packages (from yfinance>=0.2.0->-r requirements.txt (line 4)) (15.0.1)
Requirement already satisfied: six>=1.5 in /opt/hostedtoolcache/Python/3.11.12/x64/lib/python3.11/site-packages (from python-dateutil>=2.8.0->-r requirements.txt (line 6)) (1.17.0)
Requirement already satisfied: soupsieve>1.2 in /opt/hostedtoolcache/Python/3.11.12/x64/lib/python3.11/site-packages (from beautifulsoup4>=4.11.1->yfinance>=0.2.0->-r requirements.txt (line 4)) (2.7)
Requirement already satisfied: cffi>=1.12.0 in /opt/hostedtoolcache/Python/3.11.12/x64/lib/python3.11/site-packages (from curl_cffi>=0.7->yfinance>=0.2.0->-r requirements.txt (line 4)) (1.17.1)
Requirement already satisfied: pycparser in /opt/hostedtoolcache/Python/3.11.12/x64/lib/python3.11/site-packages (from cffi>=1.12.0->curl_cffi>=0.7->yfinance>=0.2.0->-r requirements.txt (line 4)) (2.22)
Requirement already satisfied: MarkupSafe>=2.0 in /opt/hostedtoolcache/Python/3.11.12/x64/lib/python3.11/site-packages (from jinja2->altair<6,>=4.0->streamlit>=1.28.0->-r requirements.txt (line 1)) (3.0.2)
Requirement already satisfied: attrs>=22.2.0 in /opt/hostedtoolcache/Python/3.11.12/x64/lib/python3.11/site-packages (from jsonschema>=3.0->altair<6,>=4.0->streamlit>=1.28.0->-r requirements.txt (line 1)) (25.3.0)
Requirement already satisfied: jsonschema-specifications>=2023.03.6 in /opt/hostedtoolcache/Python/3.11.12/x64/lib/python3.11/site-packages (from jsonschema>=3.0->altair<6,>=4.0->streamlit>=1.28.0->-r requirements.txt (line 1)) (2025.4.1)
Requirement already satisfied: referencing>=0.28.4 in /opt/hostedtoolcache/Python/3.11.12/x64/lib/python3.11/site-packages (from jsonschema>=3.0->altair<6,>=4.0->streamlit>=1.28.0->-r requirements.txt (line 1)) (0.36.2)
Requirement already satisfied: rpds-py>=0.7.1 in /opt/hostedtoolcache/Python/3.11.12/x64/lib/python3.11/site-packages (from jsonschema>=3.0->altair<6,>=4.0->streamlit>=1.28.0->-r requirements.txt (line 1)) (0.25.1)
ðŸ•’ ì•”í˜¸í™”í ë°ì´í„° ìˆ˜ì§‘ ì¤‘...
âœ… ë°ì´í„° ìˆ˜ì§‘ ì™„ë£Œ: 2017-11-09 ~ 2025-06-17

ðŸ“ˆ BTC ì „ëžµ í‰ê°€ ì¤‘...
ðŸ“ˆ ETH ì „ëžµ í‰ê°€ ì¤‘...
ðŸ“ˆ 50:50 ë¦¬ë°¸ëŸ°ì‹± ì „ëžµ í‰ê°€ ì¤‘...
ðŸ“ˆ 60:40 ë¦¬ë°¸ëŸ°ì‹± ì „ëžµ í‰ê°€ ì¤‘...

âœ… ìµœì í™” ì™„ë£Œ ë° ê²°ê³¼ ì €ìž¥: data/strategy_results.json
[2025-06-17 09:56:33] ìžë™ ì—…ë°ì´íŠ¸ ì„±ê³µ
[2025-06-17 09:56:33] ìžë™ ì—…ë°ì´íŠ¸ ì™„ë£Œ

[2025-06-18 09:56:44] ìžë™ ì—…ë°ì´íŠ¸ ì‹œìž‘
Requirement already satisfied: streamlit>=1.28.0 in /opt/hostedtoolcache/Python/3.11.12/x64/lib/python3.11/site-packages (from -r requirements.txt (line 1)) (1.45.1)
Requirement already satisfied: pandas>=1.5.0 in /opt/hostedtoolcache/Python/3.11.12/x64/lib/python3.11/site-packages (from -r requirements.txt (line 2)) (2.3.0)
Requirement already satisfied: numpy>=1.24.0 in /opt/hostedtoolcache/Python/3.11.12/x64/lib/python3.11/site-packages (from -r requirements.txt (line 3)) (2.3.0)
Requirement already satisfied: yfinance>=0.2.0 in /opt/hostedtoolcache/Python/3.11.12/x64/lib/python3.11/site-packages (from -r requirements.txt (line 4)) (0.2.63)
Requirement already satisfied: plotly>=5.15.0 in /opt/hostedtoolcache/Python/3.11.12/x64/lib/python3.11/site-packages (from -r requirements.txt (line 5)) (6.1.2)
Requirement already satisfied: python-dateutil>=2.8.0 in /opt/hostedtoolcache/Python/3.11.12/x64/lib/python3.11/site-packages (from -r requirements.txt (line 6)) (2.9.0.post0)
Requirement already satisfied: altair<6,>=4.0 in /opt/hostedtoolcache/Python/3.11.12/x64/lib/python3.11/site-packages (from streamlit>=1.28.0->-r requirements.txt (line 1)) (5.5.0)
Requirement already satisfied: blinker<2,>=1.5.0 in /opt/hostedtoolcache/Python/3.11.12/x64/lib/python3.11/site-packages (from streamlit>=1.28.0->-r requirements.txt (line 1)) (1.9.0)
Requirement already satisfied: cachetools<6,>=4.0 in /opt/hostedtoolcache/Python/3.11.12/x64/lib/python3.11/site-packages (from streamlit>=1.28.0->-r requirements.txt (line 1)) (5.5.2)
Requirement already satisfied: click<9,>=7.0 in /opt/hostedtoolcache/Python/3.11.12/x64/lib/python3.11/site-packages (from streamlit>=1.28.0->-r requirements.txt (line 1)) (8.2.1)
Requirement already satisfied: packaging<25,>=20 in /opt/hostedtoolcache/Python/3.11.12/x64/lib/python3.11/site-packages (from streamlit>=1.28.0->-r requirements.txt (line 1)) (24.2)
Requirement already satisfied: pillow<12,>=7.1.0 in /opt/hostedtoolcache/Python/3.11.12/x64/lib/python3.11/site-packages (from streamlit>=1.28.0->-r requirements.txt (line 1)) (11.2.1)
Requirement already satisfied: protobuf<7,>=3.20 in /opt/hostedtoolcache/Python/3.11.12/x64/lib/python3.11/site-packages (from streamlit>=1.28.0->-r requirements.txt (line 1)) (6.31.1)
Requirement already satisfied: pyarrow>=7.0 in /opt/hostedtoolcache/Python/3.11.12/x64/lib/python3.11/site-packages (from streamlit>=1.28.0->-r requirements.txt (line 1)) (20.0.0)
Requirement already satisfied: requests<3,>=2.27 in /opt/hostedtoolcache/Python/3.11.12/x64/lib/python3.11/site-packages (from streamlit>=1.28.0->-r requirements.txt (line 1)) (2.32.4)
Requirement already satisfied: tenacity<10,>=8.1.0 in /opt/hostedtoolcache/Python/3.11.12/x64/lib/python3.11/site-packages (from streamlit>=1.28.0->-r requirements.txt (line 1)) (9.1.2)
Requirement already satisfied: toml<2,>=0.10.1 in /opt/hostedtoolcache/Python/3.11.12/x64/lib/python3.11/site-packages (from streamlit>=1.28.0->-r requirements.txt (line 1)) (0.10.2)
Requirement already satisfied: typing-extensions<5,>=4.4.0 in /opt/hostedtoolcache/Python/3.11.12/x64/lib/python3.11/site-packages (from streamlit>=1.28.0->-r requirements.txt (line 1)) (4.14.0)
Requirement already satisfied: watchdog<7,>=2.1.5 in /opt/hostedtoolcache/Python/3.11.12/x64/lib/python3.11/site-packages (from streamlit>=1.28.0->-r requirements.txt (line 1)) (6.0.0)
Requirement already satisfied: gitpython!=3.1.19,<4,>=3.0.7 in /opt/hostedtoolcache/Python/3.11.12/x64/lib/python3.11/site-packages (from streamlit>=1.28.0->-r requirements.txt (line 1)) (3.1.44)
Requirement already satisfied: pydeck<1,>=0.8.0b4 in /opt/hostedtoolcache/Python/3.11.12/x64/lib/python3.11/site-packages (from streamlit>=1.28.0->-r requirements.txt (line 1)) (0.9.1)
Requirement already satisfied: tornado<7,>=6.0.3 in /opt/hostedtoolcache/Python/3.11.12/x64/lib/python3.11/site-packages (from streamlit>=1.28.0->-r requirements.txt (line 1)) (6.5.1)
Requirement already satisfied: pytz>=2020.1 in /opt/hostedtoolcache/Python/3.11.12/x64/lib/python3.11/site-packages (from pandas>=1.5.0->-r requirements.txt (line 2)) (2025.2)
Requirement already satisfied: tzdata>=2022.7 in /opt/hostedtoolcache/Python/3.11.12/x64/lib/python3.11/site-packages (from pandas>=1.5.0->-r requirements.txt (line 2)) (2025.2)
Requirement already satisfied: jinja2 in /opt/hostedtoolcache/Python/3.11.12/x64/lib/python3.11/site-packages (from altair<6,>=4.0->streamlit>=1.28.0->-r requirements.txt (line 1)) (3.1.6)
Requirement already satisfied: jsonschema>=3.0 in /opt/hostedtoolcache/Python/3.11.12/x64/lib/python3.11/site-packages (from altair<6,>=4.0->streamlit>=1.28.0->-r requirements.txt (line 1)) (4.24.0)
Requirement already satisfied: narwhals>=1.14.2 in /opt/hostedtoolcache/Python/3.11.12/x64/lib/python3.11/site-packages (from altair<6,>=4.0->streamlit>=1.28.0->-r requirements.txt (line 1)) (1.43.0)
Requirement already satisfied: gitdb<5,>=4.0.1 in /opt/hostedtoolcache/Python/3.11.12/x64/lib/python3.11/site-packages (from gitpython!=3.1.19,<4,>=3.0.7->streamlit>=1.28.0->-r requirements.txt (line 1)) (4.0.12)
Requirement already satisfied: smmap<6,>=3.0.1 in /opt/hostedtoolcache/Python/3.11.12/x64/lib/python3.11/site-packages (from gitdb<5,>=4.0.1->gitpython!=3.1.19,<4,>=3.0.7->streamlit>=1.28.0->-r requirements.txt (line 1)) (5.0.2)
Requirement already satisfied: charset_normalizer<4,>=2 in /opt/hostedtoolcache/Python/3.11.12/x64/lib/python3.11/site-packages (from requests<3,>=2.27->streamlit>=1.28.0->-r requirements.txt (line 1)) (3.4.2)
Requirement already satisfied: idna<4,>=2.5 in /opt/hostedtoolcache/Python/3.11.12/x64/lib/python3.11/site-packages (from requests<3,>=2.27->streamlit>=1.28.0->-r requirements.txt (line 1)) (3.10)
Requirement already satisfied: urllib3<3,>=1.21.1 in /opt/hostedtoolcache/Python/3.11.12/x64/lib/python3.11/site-packages (from requests<3,>=2.27->streamlit>=1.28.0->-r requirements.txt (line 1)) (2.4.0)
Requirement already satisfied: certifi>=2017.4.17 in /opt/hostedtoolcache/Python/3.11.12/x64/lib/python3.11/site-packages (from requests<3,>=2.27->streamlit>=1.28.0->-r requirements.txt (line 1)) (2025.6.15)
Requirement already satisfied: multitasking>=0.0.7 in /opt/hostedtoolcache/Python/3.11.12/x64/lib/python3.11/site-packages (from yfinance>=0.2.0->-r requirements.txt (line 4)) (0.0.11)
Requirement already satisfied: platformdirs>=2.0.0 in /opt/hostedtoolcache/Python/3.11.12/x64/lib/python3.11/site-packages (from yfinance>=0.2.0->-r requirements.txt (line 4)) (4.3.8)
Requirement already satisfied: frozendict>=2.3.4 in /opt/hostedtoolcache/Python/3.11.12/x64/lib/python3.11/site-packages (from yfinance>=0.2.0->-r requirements.txt (line 4)) (2.4.6)
Requirement already satisfied: peewee>=3.16.2 in /opt/hostedtoolcache/Python/3.11.12/x64/lib/python3.11/site-packages (from yfinance>=0.2.0->-r requirements.txt (line 4)) (3.18.1)
Requirement already satisfied: beautifulsoup4>=4.11.1 in /opt/hostedtoolcache/Python/3.11.12/x64/lib/python3.11/site-packages (from yfinance>=0.2.0->-r requirements.txt (line 4)) (4.13.4)
Requirement already satisfied: curl_cffi>=0.7 in /opt/hostedtoolcache/Python/3.11.12/x64/lib/python3.11/site-packages (from yfinance>=0.2.0->-r requirements.txt (line 4)) (0.11.3)
Requirement already satisfied: websockets>=13.0 in /opt/hostedtoolcache/Python/3.11.12/x64/lib/python3.11/site-packages (from yfinance>=0.2.0->-r requirements.txt (line 4)) (15.0.1)
Requirement already satisfied: six>=1.5 in /opt/hostedtoolcache/Python/3.11.12/x64/lib/python3.11/site-packages (from python-dateutil>=2.8.0->-r requirements.txt (line 6)) (1.17.0)
Requirement already satisfied: soupsieve>1.2 in /opt/hostedtoolcache/Python/3.11.12/x64/lib/python3.11/site-packages (from beautifulsoup4>=4.11.1->yfinance>=0.2.0->-r requirements.txt (line 4)) (2.7)
Requirement already satisfied: cffi>=1.12.0 in /opt/hostedtoolcache/Python/3.11.12/x64/lib/python3.11/site-packages (from curl_cffi>=0.7->yfinance>=0.2.0->-r requirements.txt (line 4)) (1.17.1)
Requirement already satisfied: pycparser in /opt/hostedtoolcache/Python/3.11.12/x64/lib/python3.11/site-packages (from cffi>=1.12.0->curl_cffi>=0.7->yfinance>=0.2.0->-r requirements.txt (line 4)) (2.22)
Requirement already satisfied: MarkupSafe>=2.0 in /opt/hostedtoolcache/Python/3.11.12/x64/lib/python3.11/site-packages (from jinja2->altair<6,>=4.0->streamlit>=1.28.0->-r requirements.txt (line 1)) (3.0.2)
Requirement already satisfied: attrs>=22.2.0 in /opt/hostedtoolcache/Python/3.11.12/x64/lib/python3.11/site-packages (from jsonschema>=3.0->altair<6,>=4.0->streamlit>=1.28.0->-r requirements.txt (line 1)) (25.3.0)
Requirement already satisfied: jsonschema-specifications>=2023.03.6 in /opt/hostedtoolcache/Python/3.11.12/x64/lib/python3.11/site-packages (from jsonschema>=3.0->altair<6,>=4.0->streamlit>=1.28.0->-r requirements.txt (line 1)) (2025.4.1)
Requirement already satisfied: referencing>=0.28.4 in /opt/hostedtoolcache/Python/3.11.12/x64/lib/python3.11/site-packages (from jsonschema>=3.0->altair<6,>=4.0->streamlit>=1.28.0->-r requirements.txt (line 1)) (0.36.2)
Requirement already satisfied: rpds-py>=0.7.1 in /opt/hostedtoolcache/Python/3.11.12/x64/lib/python3.11/site-packages (from jsonschema>=3.0->altair<6,>=4.0->streamlit>=1.28.0->-r requirements.txt (line 1)) (0.25.1)
ðŸ•’ ì•”í˜¸í™”í ë°ì´í„° ìˆ˜ì§‘ ì¤‘...
âœ… ë°ì´í„° ìˆ˜ì§‘ ì™„ë£Œ: 2017-11-09 ~ 2025-06-18

ðŸ“ˆ BTC ì „ëžµ í‰ê°€ ì¤‘...
ðŸ“ˆ ETH ì „ëžµ í‰ê°€ ì¤‘...
ðŸ“ˆ 50:50 ë¦¬ë°¸ëŸ°ì‹± ì „ëžµ í‰ê°€ ì¤‘...
ðŸ“ˆ 60:40 ë¦¬ë°¸ëŸ°ì‹± ì „ëžµ í‰ê°€ ì¤‘...

âœ… ìµœì í™” ì™„ë£Œ ë° ê²°ê³¼ ì €ìž¥: data/strategy_results.json
[2025-06-18 09:56:53] ìžë™ ì—…ë°ì´íŠ¸ ì„±ê³µ
[2025-06-18 09:56:53] ìžë™ ì—…ë°ì´íŠ¸ ì™„ë£Œ

[2025-06-19 09:56:40] ìžë™ ì—…ë°ì´íŠ¸ ì‹œìž‘
Requirement already satisfied: streamlit>=1.28.0 in /opt/hostedtoolcache/Python/3.11.12/x64/lib/python3.11/site-packages (from -r requirements.txt (line 1)) (1.46.0)
Requirement already satisfied: pandas>=1.5.0 in /opt/hostedtoolcache/Python/3.11.12/x64/lib/python3.11/site-packages (from -r requirements.txt (line 2)) (2.3.0)
Requirement already satisfied: numpy>=1.24.0 in /opt/hostedtoolcache/Python/3.11.12/x64/lib/python3.11/site-packages (from -r requirements.txt (line 3)) (2.3.0)
Requirement already satisfied: yfinance>=0.2.0 in /opt/hostedtoolcache/Python/3.11.12/x64/lib/python3.11/site-packages (from -r requirements.txt (line 4)) (0.2.63)
Requirement already satisfied: plotly>=5.15.0 in /opt/hostedtoolcache/Python/3.11.12/x64/lib/python3.11/site-packages (from -r requirements.txt (line 5)) (6.1.2)
Requirement already satisfied: python-dateutil>=2.8.0 in /opt/hostedtoolcache/Python/3.11.12/x64/lib/python3.11/site-packages (from -r requirements.txt (line 6)) (2.9.0.post0)
Requirement already satisfied: altair<6,>=4.0 in /opt/hostedtoolcache/Python/3.11.12/x64/lib/python3.11/site-packages (from streamlit>=1.28.0->-r requirements.txt (line 1)) (5.5.0)
Requirement already satisfied: blinker<2,>=1.5.0 in /opt/hostedtoolcache/Python/3.11.12/x64/lib/python3.11/site-packages (from streamlit>=1.28.0->-r requirements.txt (line 1)) (1.9.0)
Requirement already satisfied: cachetools<7,>=4.0 in /opt/hostedtoolcache/Python/3.11.12/x64/lib/python3.11/site-packages (from streamlit>=1.28.0->-r requirements.txt (line 1)) (6.1.0)
Requirement already satisfied: click<9,>=7.0 in /opt/hostedtoolcache/Python/3.11.12/x64/lib/python3.11/site-packages (from streamlit>=1.28.0->-r requirements.txt (line 1)) (8.2.1)
Requirement already satisfied: packaging<26,>=20 in /opt/hostedtoolcache/Python/3.11.12/x64/lib/python3.11/site-packages (from streamlit>=1.28.0->-r requirements.txt (line 1)) (25.0)
Requirement already satisfied: pillow<12,>=7.1.0 in /opt/hostedtoolcache/Python/3.11.12/x64/lib/python3.11/site-packages (from streamlit>=1.28.0->-r requirements.txt (line 1)) (11.2.1)
Requirement already satisfied: protobuf<7,>=3.20 in /opt/hostedtoolcache/Python/3.11.12/x64/lib/python3.11/site-packages (from streamlit>=1.28.0->-r requirements.txt (line 1)) (6.31.1)
Requirement already satisfied: pyarrow>=7.0 in /opt/hostedtoolcache/Python/3.11.12/x64/lib/python3.11/site-packages (from streamlit>=1.28.0->-r requirements.txt (line 1)) (20.0.0)
Requirement already satisfied: requests<3,>=2.27 in /opt/hostedtoolcache/Python/3.11.12/x64/lib/python3.11/site-packages (from streamlit>=1.28.0->-r requirements.txt (line 1)) (2.32.4)
Requirement already satisfied: tenacity<10,>=8.1.0 in /opt/hostedtoolcache/Python/3.11.12/x64/lib/python3.11/site-packages (from streamlit>=1.28.0->-r requirements.txt (line 1)) (9.1.2)
Requirement already satisfied: toml<2,>=0.10.1 in /opt/hostedtoolcache/Python/3.11.12/x64/lib/python3.11/site-packages (from streamlit>=1.28.0->-r requirements.txt (line 1)) (0.10.2)
Requirement already satisfied: typing-extensions<5,>=4.4.0 in /opt/hostedtoolcache/Python/3.11.12/x64/lib/python3.11/site-packages (from streamlit>=1.28.0->-r requirements.txt (line 1)) (4.14.0)
Requirement already satisfied: watchdog<7,>=2.1.5 in /opt/hostedtoolcache/Python/3.11.12/x64/lib/python3.11/site-packages (from streamlit>=1.28.0->-r requirements.txt (line 1)) (6.0.0)
Requirement already satisfied: gitpython!=3.1.19,<4,>=3.0.7 in /opt/hostedtoolcache/Python/3.11.12/x64/lib/python3.11/site-packages (from streamlit>=1.28.0->-r requirements.txt (line 1)) (3.1.44)
Requirement already satisfied: pydeck<1,>=0.8.0b4 in /opt/hostedtoolcache/Python/3.11.12/x64/lib/python3.11/site-packages (from streamlit>=1.28.0->-r requirements.txt (line 1)) (0.9.1)
Requirement already satisfied: tornado!=6.5.0,<7,>=6.0.3 in /opt/hostedtoolcache/Python/3.11.12/x64/lib/python3.11/site-packages (from streamlit>=1.28.0->-r requirements.txt (line 1)) (6.5.1)
Requirement already satisfied: pytz>=2020.1 in /opt/hostedtoolcache/Python/3.11.12/x64/lib/python3.11/site-packages (from pandas>=1.5.0->-r requirements.txt (line 2)) (2025.2)
Requirement already satisfied: tzdata>=2022.7 in /opt/hostedtoolcache/Python/3.11.12/x64/lib/python3.11/site-packages (from pandas>=1.5.0->-r requirements.txt (line 2)) (2025.2)
Requirement already satisfied: jinja2 in /opt/hostedtoolcache/Python/3.11.12/x64/lib/python3.11/site-packages (from altair<6,>=4.0->streamlit>=1.28.0->-r requirements.txt (line 1)) (3.1.6)
Requirement already satisfied: jsonschema>=3.0 in /opt/hostedtoolcache/Python/3.11.12/x64/lib/python3.11/site-packages (from altair<6,>=4.0->streamlit>=1.28.0->-r requirements.txt (line 1)) (4.24.0)
Requirement already satisfied: narwhals>=1.14.2 in /opt/hostedtoolcache/Python/3.11.12/x64/lib/python3.11/site-packages (from altair<6,>=4.0->streamlit>=1.28.0->-r requirements.txt (line 1)) (1.42.1)
Requirement already satisfied: gitdb<5,>=4.0.1 in /opt/hostedtoolcache/Python/3.11.12/x64/lib/python3.11/site-packages (from gitpython!=3.1.19,<4,>=3.0.7->streamlit>=1.28.0->-r requirements.txt (line 1)) (4.0.12)
Requirement already satisfied: smmap<6,>=3.0.1 in /opt/hostedtoolcache/Python/3.11.12/x64/lib/python3.11/site-packages (from gitdb<5,>=4.0.1->gitpython!=3.1.19,<4,>=3.0.7->streamlit>=1.28.0->-r requirements.txt (line 1)) (5.0.2)
Requirement already satisfied: charset_normalizer<4,>=2 in /opt/hostedtoolcache/Python/3.11.12/x64/lib/python3.11/site-packages (from requests<3,>=2.27->streamlit>=1.28.0->-r requirements.txt (line 1)) (3.4.2)
Requirement already satisfied: idna<4,>=2.5 in /opt/hostedtoolcache/Python/3.11.12/x64/lib/python3.11/site-packages (from requests<3,>=2.27->streamlit>=1.28.0->-r requirements.txt (line 1)) (3.10)
Requirement already satisfied: urllib3<3,>=1.21.1 in /opt/hostedtoolcache/Python/3.11.12/x64/lib/python3.11/site-packages (from requests<3,>=2.27->streamlit>=1.28.0->-r requirements.txt (line 1)) (2.5.0)
Requirement already satisfied: certifi>=2017.4.17 in /opt/hostedtoolcache/Python/3.11.12/x64/lib/python3.11/site-packages (from requests<3,>=2.27->streamlit>=1.28.0->-r requirements.txt (line 1)) (2025.6.15)
Requirement already satisfied: multitasking>=0.0.7 in /opt/hostedtoolcache/Python/3.11.12/x64/lib/python3.11/site-packages (from yfinance>=0.2.0->-r requirements.txt (line 4)) (0.0.11)
Requirement already satisfied: platformdirs>=2.0.0 in /opt/hostedtoolcache/Python/3.11.12/x64/lib/python3.11/site-packages (from yfinance>=0.2.0->-r requirements.txt (line 4)) (4.3.8)
Requirement already satisfied: frozendict>=2.3.4 in /opt/hostedtoolcache/Python/3.11.12/x64/lib/python3.11/site-packages (from yfinance>=0.2.0->-r requirements.txt (line 4)) (2.4.6)
Requirement already satisfied: peewee>=3.16.2 in /opt/hostedtoolcache/Python/3.11.12/x64/lib/python3.11/site-packages (from yfinance>=0.2.0->-r requirements.txt (line 4)) (3.18.1)
Requirement already satisfied: beautifulsoup4>=4.11.1 in /opt/hostedtoolcache/Python/3.11.12/x64/lib/python3.11/site-packages (from yfinance>=0.2.0->-r requirements.txt (line 4)) (4.13.4)
Requirement already satisfied: curl_cffi>=0.7 in /opt/hostedtoolcache/Python/3.11.12/x64/lib/python3.11/site-packages (from yfinance>=0.2.0->-r requirements.txt (line 4)) (0.11.3)
Requirement already satisfied: websockets>=13.0 in /opt/hostedtoolcache/Python/3.11.12/x64/lib/python3.11/site-packages (from yfinance>=0.2.0->-r requirements.txt (line 4)) (15.0.1)
Requirement already satisfied: six>=1.5 in /opt/hostedtoolcache/Python/3.11.12/x64/lib/python3.11/site-packages (from python-dateutil>=2.8.0->-r requirements.txt (line 6)) (1.17.0)
Requirement already satisfied: soupsieve>1.2 in /opt/hostedtoolcache/Python/3.11.12/x64/lib/python3.11/site-packages (from beautifulsoup4>=4.11.1->yfinance>=0.2.0->-r requirements.txt (line 4)) (2.7)
Requirement already satisfied: cffi>=1.12.0 in /opt/hostedtoolcache/Python/3.11.12/x64/lib/python3.11/site-packages (from curl_cffi>=0.7->yfinance>=0.2.0->-r requirements.txt (line 4)) (1.17.1)
Requirement already satisfied: pycparser in /opt/hostedtoolcache/Python/3.11.12/x64/lib/python3.11/site-packages (from cffi>=1.12.0->curl_cffi>=0.7->yfinance>=0.2.0->-r requirements.txt (line 4)) (2.22)
Requirement already satisfied: MarkupSafe>=2.0 in /opt/hostedtoolcache/Python/3.11.12/x64/lib/python3.11/site-packages (from jinja2->altair<6,>=4.0->streamlit>=1.28.0->-r requirements.txt (line 1)) (3.0.2)
Requirement already satisfied: attrs>=22.2.0 in /opt/hostedtoolcache/Python/3.11.12/x64/lib/python3.11/site-packages (from jsonschema>=3.0->altair<6,>=4.0->streamlit>=1.28.0->-r requirements.txt (line 1)) (25.3.0)
Requirement already satisfied: jsonschema-specifications>=2023.03.6 in /opt/hostedtoolcache/Python/3.11.12/x64/lib/python3.11/site-packages (from jsonschema>=3.0->altair<6,>=4.0->streamlit>=1.28.0->-r requirements.txt (line 1)) (2025.4.1)
Requirement already satisfied: referencing>=0.28.4 in /opt/hostedtoolcache/Python/3.11.12/x64/lib/python3.11/site-packages (from jsonschema>=3.0->altair<6,>=4.0->streamlit>=1.28.0->-r requirements.txt (line 1)) (0.36.2)
Requirement already satisfied: rpds-py>=0.7.1 in /opt/hostedtoolcache/Python/3.11.12/x64/lib/python3.11/site-packages (from jsonschema>=3.0->altair<6,>=4.0->streamlit>=1.28.0->-r requirements.txt (line 1)) (0.25.1)
ðŸ•’ ì•”í˜¸í™”í ë°ì´í„° ìˆ˜ì§‘ ì¤‘...
âœ… ë°ì´í„° ìˆ˜ì§‘ ì™„ë£Œ: 2017-11-09 ~ 2025-06-19

ðŸ“ˆ BTC ì „ëžµ í‰ê°€ ì¤‘...
ðŸ“ˆ ETH ì „ëžµ í‰ê°€ ì¤‘...
ðŸ“ˆ 50:50 ë¦¬ë°¸ëŸ°ì‹± ì „ëžµ í‰ê°€ ì¤‘...
ðŸ“ˆ 60:40 ë¦¬ë°¸ëŸ°ì‹± ì „ëžµ í‰ê°€ ì¤‘...

âœ… ìµœì í™” ì™„ë£Œ ë° ê²°ê³¼ ì €ìž¥: data/strategy_results.json
[2025-06-19 09:56:48] ìžë™ ì—…ë°ì´íŠ¸ ì„±ê³µ
[2025-06-19 09:56:48] ìžë™ ì—…ë°ì´íŠ¸ ì™„ë£Œ

[2025-06-20 09:56:21] ìžë™ ì—…ë°ì´íŠ¸ ì‹œìž‘
Requirement already satisfied: streamlit>=1.28.0 in /opt/hostedtoolcache/Python/3.11.12/x64/lib/python3.11/site-packages (from -r requirements.txt (line 1)) (1.46.0)
Requirement already satisfied: pandas>=1.5.0 in /opt/hostedtoolcache/Python/3.11.12/x64/lib/python3.11/site-packages (from -r requirements.txt (line 2)) (2.3.0)
Requirement already satisfied: numpy>=1.24.0 in /opt/hostedtoolcache/Python/3.11.12/x64/lib/python3.11/site-packages (from -r requirements.txt (line 3)) (2.3.0)
Requirement already satisfied: yfinance>=0.2.0 in /opt/hostedtoolcache/Python/3.11.12/x64/lib/python3.11/site-packages (from -r requirements.txt (line 4)) (0.2.63)
Requirement already satisfied: plotly>=5.15.0 in /opt/hostedtoolcache/Python/3.11.12/x64/lib/python3.11/site-packages (from -r requirements.txt (line 5)) (6.1.2)
Requirement already satisfied: python-dateutil>=2.8.0 in /opt/hostedtoolcache/Python/3.11.12/x64/lib/python3.11/site-packages (from -r requirements.txt (line 6)) (2.9.0.post0)
Requirement already satisfied: altair<6,>=4.0 in /opt/hostedtoolcache/Python/3.11.12/x64/lib/python3.11/site-packages (from streamlit>=1.28.0->-r requirements.txt (line 1)) (5.5.0)
Requirement already satisfied: blinker<2,>=1.5.0 in /opt/hostedtoolcache/Python/3.11.12/x64/lib/python3.11/site-packages (from streamlit>=1.28.0->-r requirements.txt (line 1)) (1.9.0)
Requirement already satisfied: cachetools<7,>=4.0 in /opt/hostedtoolcache/Python/3.11.12/x64/lib/python3.11/site-packages (from streamlit>=1.28.0->-r requirements.txt (line 1)) (6.1.0)
Requirement already satisfied: click<9,>=7.0 in /opt/hostedtoolcache/Python/3.11.12/x64/lib/python3.11/site-packages (from streamlit>=1.28.0->-r requirements.txt (line 1)) (8.2.1)
Requirement already satisfied: packaging<26,>=20 in /opt/hostedtoolcache/Python/3.11.12/x64/lib/python3.11/site-packages (from streamlit>=1.28.0->-r requirements.txt (line 1)) (25.0)
Requirement already satisfied: pillow<12,>=7.1.0 in /opt/hostedtoolcache/Python/3.11.12/x64/lib/python3.11/site-packages (from streamlit>=1.28.0->-r requirements.txt (line 1)) (11.2.1)
Requirement already satisfied: protobuf<7,>=3.20 in /opt/hostedtoolcache/Python/3.11.12/x64/lib/python3.11/site-packages (from streamlit>=1.28.0->-r requirements.txt (line 1)) (6.31.1)
Requirement already satisfied: pyarrow>=7.0 in /opt/hostedtoolcache/Python/3.11.12/x64/lib/python3.11/site-packages (from streamlit>=1.28.0->-r requirements.txt (line 1)) (20.0.0)
Requirement already satisfied: requests<3,>=2.27 in /opt/hostedtoolcache/Python/3.11.12/x64/lib/python3.11/site-packages (from streamlit>=1.28.0->-r requirements.txt (line 1)) (2.32.4)
Requirement already satisfied: tenacity<10,>=8.1.0 in /opt/hostedtoolcache/Python/3.11.12/x64/lib/python3.11/site-packages (from streamlit>=1.28.0->-r requirements.txt (line 1)) (9.1.2)
Requirement already satisfied: toml<2,>=0.10.1 in /opt/hostedtoolcache/Python/3.11.12/x64/lib/python3.11/site-packages (from streamlit>=1.28.0->-r requirements.txt (line 1)) (0.10.2)
Requirement already satisfied: typing-extensions<5,>=4.4.0 in /opt/hostedtoolcache/Python/3.11.12/x64/lib/python3.11/site-packages (from streamlit>=1.28.0->-r requirements.txt (line 1)) (4.14.0)
Requirement already satisfied: watchdog<7,>=2.1.5 in /opt/hostedtoolcache/Python/3.11.12/x64/lib/python3.11/site-packages (from streamlit>=1.28.0->-r requirements.txt (line 1)) (6.0.0)
Requirement already satisfied: gitpython!=3.1.19,<4,>=3.0.7 in /opt/hostedtoolcache/Python/3.11.12/x64/lib/python3.11/site-packages (from streamlit>=1.28.0->-r requirements.txt (line 1)) (3.1.44)
Requirement already satisfied: pydeck<1,>=0.8.0b4 in /opt/hostedtoolcache/Python/3.11.12/x64/lib/python3.11/site-packages (from streamlit>=1.28.0->-r requirements.txt (line 1)) (0.9.1)
Requirement already satisfied: tornado!=6.5.0,<7,>=6.0.3 in /opt/hostedtoolcache/Python/3.11.12/x64/lib/python3.11/site-packages (from streamlit>=1.28.0->-r requirements.txt (line 1)) (6.5.1)
Requirement already satisfied: pytz>=2020.1 in /opt/hostedtoolcache/Python/3.11.12/x64/lib/python3.11/site-packages (from pandas>=1.5.0->-r requirements.txt (line 2)) (2025.2)
Requirement already satisfied: tzdata>=2022.7 in /opt/hostedtoolcache/Python/3.11.12/x64/lib/python3.11/site-packages (from pandas>=1.5.0->-r requirements.txt (line 2)) (2025.2)
Requirement already satisfied: jinja2 in /opt/hostedtoolcache/Python/3.11.12/x64/lib/python3.11/site-packages (from altair<6,>=4.0->streamlit>=1.28.0->-r requirements.txt (line 1)) (3.1.6)
Requirement already satisfied: jsonschema>=3.0 in /opt/hostedtoolcache/Python/3.11.12/x64/lib/python3.11/site-packages (from altair<6,>=4.0->streamlit>=1.28.0->-r requirements.txt (line 1)) (4.24.0)
Requirement already satisfied: narwhals>=1.14.2 in /opt/hostedtoolcache/Python/3.11.12/x64/lib/python3.11/site-packages (from altair<6,>=4.0->streamlit>=1.28.0->-r requirements.txt (line 1)) (1.43.1)
Requirement already satisfied: gitdb<5,>=4.0.1 in /opt/hostedtoolcache/Python/3.11.12/x64/lib/python3.11/site-packages (from gitpython!=3.1.19,<4,>=3.0.7->streamlit>=1.28.0->-r requirements.txt (line 1)) (4.0.12)
Requirement already satisfied: smmap<6,>=3.0.1 in /opt/hostedtoolcache/Python/3.11.12/x64/lib/python3.11/site-packages (from gitdb<5,>=4.0.1->gitpython!=3.1.19,<4,>=3.0.7->streamlit>=1.28.0->-r requirements.txt (line 1)) (5.0.2)
Requirement already satisfied: charset_normalizer<4,>=2 in /opt/hostedtoolcache/Python/3.11.12/x64/lib/python3.11/site-packages (from requests<3,>=2.27->streamlit>=1.28.0->-r requirements.txt (line 1)) (3.4.2)
Requirement already satisfied: idna<4,>=2.5 in /opt/hostedtoolcache/Python/3.11.12/x64/lib/python3.11/site-packages (from requests<3,>=2.27->streamlit>=1.28.0->-r requirements.txt (line 1)) (3.10)
Requirement already satisfied: urllib3<3,>=1.21.1 in /opt/hostedtoolcache/Python/3.11.12/x64/lib/python3.11/site-packages (from requests<3,>=2.27->streamlit>=1.28.0->-r requirements.txt (line 1)) (2.5.0)
Requirement already satisfied: certifi>=2017.4.17 in /opt/hostedtoolcache/Python/3.11.12/x64/lib/python3.11/site-packages (from requests<3,>=2.27->streamlit>=1.28.0->-r requirements.txt (line 1)) (2025.6.15)
Requirement already satisfied: multitasking>=0.0.7 in /opt/hostedtoolcache/Python/3.11.12/x64/lib/python3.11/site-packages (from yfinance>=0.2.0->-r requirements.txt (line 4)) (0.0.11)
Requirement already satisfied: platformdirs>=2.0.0 in /opt/hostedtoolcache/Python/3.11.12/x64/lib/python3.11/site-packages (from yfinance>=0.2.0->-r requirements.txt (line 4)) (4.3.8)
Requirement already satisfied: frozendict>=2.3.4 in /opt/hostedtoolcache/Python/3.11.12/x64/lib/python3.11/site-packages (from yfinance>=0.2.0->-r requirements.txt (line 4)) (2.4.6)
Requirement already satisfied: peewee>=3.16.2 in /opt/hostedtoolcache/Python/3.11.12/x64/lib/python3.11/site-packages (from yfinance>=0.2.0->-r requirements.txt (line 4)) (3.18.1)
Requirement already satisfied: beautifulsoup4>=4.11.1 in /opt/hostedtoolcache/Python/3.11.12/x64/lib/python3.11/site-packages (from yfinance>=0.2.0->-r requirements.txt (line 4)) (4.13.4)
Requirement already satisfied: curl_cffi>=0.7 in /opt/hostedtoolcache/Python/3.11.12/x64/lib/python3.11/site-packages (from yfinance>=0.2.0->-r requirements.txt (line 4)) (0.11.4)
Requirement already satisfied: websockets>=13.0 in /opt/hostedtoolcache/Python/3.11.12/x64/lib/python3.11/site-packages (from yfinance>=0.2.0->-r requirements.txt (line 4)) (15.0.1)
Requirement already satisfied: six>=1.5 in /opt/hostedtoolcache/Python/3.11.12/x64/lib/python3.11/site-packages (from python-dateutil>=2.8.0->-r requirements.txt (line 6)) (1.17.0)
Requirement already satisfied: soupsieve>1.2 in /opt/hostedtoolcache/Python/3.11.12/x64/lib/python3.11/site-packages (from beautifulsoup4>=4.11.1->yfinance>=0.2.0->-r requirements.txt (line 4)) (2.7)
Requirement already satisfied: cffi>=1.12.0 in /opt/hostedtoolcache/Python/3.11.12/x64/lib/python3.11/site-packages (from curl_cffi>=0.7->yfinance>=0.2.0->-r requirements.txt (line 4)) (1.17.1)
Requirement already satisfied: pycparser in /opt/hostedtoolcache/Python/3.11.12/x64/lib/python3.11/site-packages (from cffi>=1.12.0->curl_cffi>=0.7->yfinance>=0.2.0->-r requirements.txt (line 4)) (2.22)
Requirement already satisfied: MarkupSafe>=2.0 in /opt/hostedtoolcache/Python/3.11.12/x64/lib/python3.11/site-packages (from jinja2->altair<6,>=4.0->streamlit>=1.28.0->-r requirements.txt (line 1)) (3.0.2)
Requirement already satisfied: attrs>=22.2.0 in /opt/hostedtoolcache/Python/3.11.12/x64/lib/python3.11/site-packages (from jsonschema>=3.0->altair<6,>=4.0->streamlit>=1.28.0->-r requirements.txt (line 1)) (25.3.0)
Requirement already satisfied: jsonschema-specifications>=2023.03.6 in /opt/hostedtoolcache/Python/3.11.12/x64/lib/python3.11/site-packages (from jsonschema>=3.0->altair<6,>=4.0->streamlit>=1.28.0->-r requirements.txt (line 1)) (2025.4.1)
Requirement already satisfied: referencing>=0.28.4 in /opt/hostedtoolcache/Python/3.11.12/x64/lib/python3.11/site-packages (from jsonschema>=3.0->altair<6,>=4.0->streamlit>=1.28.0->-r requirements.txt (line 1)) (0.36.2)
Requirement already satisfied: rpds-py>=0.7.1 in /opt/hostedtoolcache/Python/3.11.12/x64/lib/python3.11/site-packages (from jsonschema>=3.0->altair<6,>=4.0->streamlit>=1.28.0->-r requirements.txt (line 1)) (0.25.1)
ðŸ•’ ì•”í˜¸í™”í ë°ì´í„° ìˆ˜ì§‘ ì¤‘...
âœ… ë°ì´í„° ìˆ˜ì§‘ ì™„ë£Œ: 2017-11-09 ~ 2025-06-20

ðŸ“ˆ BTC ì „ëžµ í‰ê°€ ì¤‘...
ðŸ“ˆ ETH ì „ëžµ í‰ê°€ ì¤‘...
ðŸ“ˆ 50:50 ë¦¬ë°¸ëŸ°ì‹± ì „ëžµ í‰ê°€ ì¤‘...
ðŸ“ˆ 60:40 ë¦¬ë°¸ëŸ°ì‹± ì „ëžµ í‰ê°€ ì¤‘...

âœ… ìµœì í™” ì™„ë£Œ ë° ê²°ê³¼ ì €ìž¥: data/strategy_results.json
[2025-06-20 09:56:29] ìžë™ ì—…ë°ì´íŠ¸ ì„±ê³µ
[2025-06-20 09:56:29] ìžë™ ì—…ë°ì´íŠ¸ ì™„ë£Œ

[2025-06-21 09:55:26] ìžë™ ì—…ë°ì´íŠ¸ ì‹œìž‘
Requirement already satisfied: streamlit>=1.28.0 in /opt/hostedtoolcache/Python/3.11.12/x64/lib/python3.11/site-packages (from -r requirements.txt (line 1)) (1.46.0)
Requirement already satisfied: pandas>=1.5.0 in /opt/hostedtoolcache/Python/3.11.12/x64/lib/python3.11/site-packages (from -r requirements.txt (line 2)) (2.3.0)
Requirement already satisfied: numpy>=1.24.0 in /opt/hostedtoolcache/Python/3.11.12/x64/lib/python3.11/site-packages (from -r requirements.txt (line 3)) (2.3.0)
Requirement already satisfied: yfinance>=0.2.0 in /opt/hostedtoolcache/Python/3.11.12/x64/lib/python3.11/site-packages (from -r requirements.txt (line 4)) (0.2.63)
Requirement already satisfied: plotly>=5.15.0 in /opt/hostedtoolcache/Python/3.11.12/x64/lib/python3.11/site-packages (from -r requirements.txt (line 5)) (6.1.2)
Requirement already satisfied: python-dateutil>=2.8.0 in /opt/hostedtoolcache/Python/3.11.12/x64/lib/python3.11/site-packages (from -r requirements.txt (line 6)) (2.9.0.post0)
Requirement already satisfied: altair<6,>=4.0 in /opt/hostedtoolcache/Python/3.11.12/x64/lib/python3.11/site-packages (from streamlit>=1.28.0->-r requirements.txt (line 1)) (5.5.0)
Requirement already satisfied: blinker<2,>=1.5.0 in /opt/hostedtoolcache/Python/3.11.12/x64/lib/python3.11/site-packages (from streamlit>=1.28.0->-r requirements.txt (line 1)) (1.9.0)
Requirement already satisfied: cachetools<7,>=4.0 in /opt/hostedtoolcache/Python/3.11.12/x64/lib/python3.11/site-packages (from streamlit>=1.28.0->-r requirements.txt (line 1)) (6.1.0)
Requirement already satisfied: click<9,>=7.0 in /opt/hostedtoolcache/Python/3.11.12/x64/lib/python3.11/site-packages (from streamlit>=1.28.0->-r requirements.txt (line 1)) (8.2.1)
Requirement already satisfied: packaging<26,>=20 in /opt/hostedtoolcache/Python/3.11.12/x64/lib/python3.11/site-packages (from streamlit>=1.28.0->-r requirements.txt (line 1)) (25.0)
Requirement already satisfied: pillow<12,>=7.1.0 in /opt/hostedtoolcache/Python/3.11.12/x64/lib/python3.11/site-packages (from streamlit>=1.28.0->-r requirements.txt (line 1)) (11.2.1)
Requirement already satisfied: protobuf<7,>=3.20 in /opt/hostedtoolcache/Python/3.11.12/x64/lib/python3.11/site-packages (from streamlit>=1.28.0->-r requirements.txt (line 1)) (6.31.1)
Requirement already satisfied: pyarrow>=7.0 in /opt/hostedtoolcache/Python/3.11.12/x64/lib/python3.11/site-packages (from streamlit>=1.28.0->-r requirements.txt (line 1)) (20.0.0)
Requirement already satisfied: requests<3,>=2.27 in /opt/hostedtoolcache/Python/3.11.12/x64/lib/python3.11/site-packages (from streamlit>=1.28.0->-r requirements.txt (line 1)) (2.32.4)
Requirement already satisfied: tenacity<10,>=8.1.0 in /opt/hostedtoolcache/Python/3.11.12/x64/lib/python3.11/site-packages (from streamlit>=1.28.0->-r requirements.txt (line 1)) (9.1.2)
Requirement already satisfied: toml<2,>=0.10.1 in /opt/hostedtoolcache/Python/3.11.12/x64/lib/python3.11/site-packages (from streamlit>=1.28.0->-r requirements.txt (line 1)) (0.10.2)
Requirement already satisfied: typing-extensions<5,>=4.4.0 in /opt/hostedtoolcache/Python/3.11.12/x64/lib/python3.11/site-packages (from streamlit>=1.28.0->-r requirements.txt (line 1)) (4.14.0)
Requirement already satisfied: watchdog<7,>=2.1.5 in /opt/hostedtoolcache/Python/3.11.12/x64/lib/python3.11/site-packages (from streamlit>=1.28.0->-r requirements.txt (line 1)) (6.0.0)
Requirement already satisfied: gitpython!=3.1.19,<4,>=3.0.7 in /opt/hostedtoolcache/Python/3.11.12/x64/lib/python3.11/site-packages (from streamlit>=1.28.0->-r requirements.txt (line 1)) (3.1.44)
Requirement already satisfied: pydeck<1,>=0.8.0b4 in /opt/hostedtoolcache/Python/3.11.12/x64/lib/python3.11/site-packages (from streamlit>=1.28.0->-r requirements.txt (line 1)) (0.9.1)
Requirement already satisfied: tornado!=6.5.0,<7,>=6.0.3 in /opt/hostedtoolcache/Python/3.11.12/x64/lib/python3.11/site-packages (from streamlit>=1.28.0->-r requirements.txt (line 1)) (6.5.1)
Requirement already satisfied: pytz>=2020.1 in /opt/hostedtoolcache/Python/3.11.12/x64/lib/python3.11/site-packages (from pandas>=1.5.0->-r requirements.txt (line 2)) (2025.2)
Requirement already satisfied: tzdata>=2022.7 in /opt/hostedtoolcache/Python/3.11.12/x64/lib/python3.11/site-packages (from pandas>=1.5.0->-r requirements.txt (line 2)) (2025.2)
Requirement already satisfied: jinja2 in /opt/hostedtoolcache/Python/3.11.12/x64/lib/python3.11/site-packages (from altair<6,>=4.0->streamlit>=1.28.0->-r requirements.txt (line 1)) (3.1.6)
Requirement already satisfied: jsonschema>=3.0 in /opt/hostedtoolcache/Python/3.11.12/x64/lib/python3.11/site-packages (from altair<6,>=4.0->streamlit>=1.28.0->-r requirements.txt (line 1)) (4.24.0)
Requirement already satisfied: narwhals>=1.14.2 in /opt/hostedtoolcache/Python/3.11.12/x64/lib/python3.11/site-packages (from altair<6,>=4.0->streamlit>=1.28.0->-r requirements.txt (line 1)) (1.43.1)
Requirement already satisfied: gitdb<5,>=4.0.1 in /opt/hostedtoolcache/Python/3.11.12/x64/lib/python3.11/site-packages (from gitpython!=3.1.19,<4,>=3.0.7->streamlit>=1.28.0->-r requirements.txt (line 1)) (4.0.12)
Requirement already satisfied: smmap<6,>=3.0.1 in /opt/hostedtoolcache/Python/3.11.12/x64/lib/python3.11/site-packages (from gitdb<5,>=4.0.1->gitpython!=3.1.19,<4,>=3.0.7->streamlit>=1.28.0->-r requirements.txt (line 1)) (5.0.2)
Requirement already satisfied: charset_normalizer<4,>=2 in /opt/hostedtoolcache/Python/3.11.12/x64/lib/python3.11/site-packages (from requests<3,>=2.27->streamlit>=1.28.0->-r requirements.txt (line 1)) (3.4.2)
Requirement already satisfied: idna<4,>=2.5 in /opt/hostedtoolcache/Python/3.11.12/x64/lib/python3.11/site-packages (from requests<3,>=2.27->streamlit>=1.28.0->-r requirements.txt (line 1)) (3.10)
Requirement already satisfied: urllib3<3,>=1.21.1 in /opt/hostedtoolcache/Python/3.11.12/x64/lib/python3.11/site-packages (from requests<3,>=2.27->streamlit>=1.28.0->-r requirements.txt (line 1)) (2.5.0)
Requirement already satisfied: certifi>=2017.4.17 in /opt/hostedtoolcache/Python/3.11.12/x64/lib/python3.11/site-packages (from requests<3,>=2.27->streamlit>=1.28.0->-r requirements.txt (line 1)) (2025.6.15)
Requirement already satisfied: multitasking>=0.0.7 in /opt/hostedtoolcache/Python/3.11.12/x64/lib/python3.11/site-packages (from yfinance>=0.2.0->-r requirements.txt (line 4)) (0.0.11)
Requirement already satisfied: platformdirs>=2.0.0 in /opt/hostedtoolcache/Python/3.11.12/x64/lib/python3.11/site-packages (from yfinance>=0.2.0->-r requirements.txt (line 4)) (4.3.8)
Requirement already satisfied: frozendict>=2.3.4 in /opt/hostedtoolcache/Python/3.11.12/x64/lib/python3.11/site-packages (from yfinance>=0.2.0->-r requirements.txt (line 4)) (2.4.6)
Requirement already satisfied: peewee>=3.16.2 in /opt/hostedtoolcache/Python/3.11.12/x64/lib/python3.11/site-packages (from yfinance>=0.2.0->-r requirements.txt (line 4)) (3.18.1)
Requirement already satisfied: beautifulsoup4>=4.11.1 in /opt/hostedtoolcache/Python/3.11.12/x64/lib/python3.11/site-packages (from yfinance>=0.2.0->-r requirements.txt (line 4)) (4.13.4)
Requirement already satisfied: curl_cffi>=0.7 in /opt/hostedtoolcache/Python/3.11.12/x64/lib/python3.11/site-packages (from yfinance>=0.2.0->-r requirements.txt (line 4)) (0.11.4)
Requirement already satisfied: websockets>=13.0 in /opt/hostedtoolcache/Python/3.11.12/x64/lib/python3.11/site-packages (from yfinance>=0.2.0->-r requirements.txt (line 4)) (15.0.1)
Requirement already satisfied: six>=1.5 in /opt/hostedtoolcache/Python/3.11.12/x64/lib/python3.11/site-packages (from python-dateutil>=2.8.0->-r requirements.txt (line 6)) (1.17.0)
Requirement already satisfied: soupsieve>1.2 in /opt/hostedtoolcache/Python/3.11.12/x64/lib/python3.11/site-packages (from beautifulsoup4>=4.11.1->yfinance>=0.2.0->-r requirements.txt (line 4)) (2.7)
Requirement already satisfied: cffi>=1.12.0 in /opt/hostedtoolcache/Python/3.11.12/x64/lib/python3.11/site-packages (from curl_cffi>=0.7->yfinance>=0.2.0->-r requirements.txt (line 4)) (1.17.1)
Requirement already satisfied: pycparser in /opt/hostedtoolcache/Python/3.11.12/x64/lib/python3.11/site-packages (from cffi>=1.12.0->curl_cffi>=0.7->yfinance>=0.2.0->-r requirements.txt (line 4)) (2.22)
Requirement already satisfied: MarkupSafe>=2.0 in /opt/hostedtoolcache/Python/3.11.12/x64/lib/python3.11/site-packages (from jinja2->altair<6,>=4.0->streamlit>=1.28.0->-r requirements.txt (line 1)) (3.0.2)
Requirement already satisfied: attrs>=22.2.0 in /opt/hostedtoolcache/Python/3.11.12/x64/lib/python3.11/site-packages (from jsonschema>=3.0->altair<6,>=4.0->streamlit>=1.28.0->-r requirements.txt (line 1)) (25.3.0)
Requirement already satisfied: jsonschema-specifications>=2023.03.6 in /opt/hostedtoolcache/Python/3.11.12/x64/lib/python3.11/site-packages (from jsonschema>=3.0->altair<6,>=4.0->streamlit>=1.28.0->-r requirements.txt (line 1)) (2025.4.1)
Requirement already satisfied: referencing>=0.28.4 in /opt/hostedtoolcache/Python/3.11.12/x64/lib/python3.11/site-packages (from jsonschema>=3.0->altair<6,>=4.0->streamlit>=1.28.0->-r requirements.txt (line 1)) (0.36.2)
Requirement already satisfied: rpds-py>=0.7.1 in /opt/hostedtoolcache/Python/3.11.12/x64/lib/python3.11/site-packages (from jsonschema>=3.0->altair<6,>=4.0->streamlit>=1.28.0->-r requirements.txt (line 1)) (0.25.1)
ðŸ•’ ì•”í˜¸í™”í ë°ì´í„° ìˆ˜ì§‘ ì¤‘...
âœ… ë°ì´í„° ìˆ˜ì§‘ ì™„ë£Œ: 2017-11-09 ~ 2025-06-21

ðŸ“ˆ BTC ì „ëžµ í‰ê°€ ì¤‘...
ðŸ“ˆ ETH ì „ëžµ í‰ê°€ ì¤‘...
ðŸ“ˆ 50:50 ë¦¬ë°¸ëŸ°ì‹± ì „ëžµ í‰ê°€ ì¤‘...
ðŸ“ˆ 60:40 ë¦¬ë°¸ëŸ°ì‹± ì „ëžµ í‰ê°€ ì¤‘...

âœ… ìµœì í™” ì™„ë£Œ ë° ê²°ê³¼ ì €ìž¥: data/strategy_results.json
[2025-06-21 09:55:34] ìžë™ ì—…ë°ì´íŠ¸ ì„±ê³µ
[2025-06-21 09:55:34] ìžë™ ì—…ë°ì´íŠ¸ ì™„ë£Œ

[2025-06-22 10:01:52] ìžë™ ì—…ë°ì´íŠ¸ ì‹œìž‘
Requirement already satisfied: streamlit>=1.28.0 in /opt/hostedtoolcache/Python/3.11.12/x64/lib/python3.11/site-packages (from -r requirements.txt (line 1)) (1.46.0)
Requirement already satisfied: pandas>=1.5.0 in /opt/hostedtoolcache/Python/3.11.12/x64/lib/python3.11/site-packages (from -r requirements.txt (line 2)) (2.3.0)
Requirement already satisfied: numpy>=1.24.0 in /opt/hostedtoolcache/Python/3.11.12/x64/lib/python3.11/site-packages (from -r requirements.txt (line 3)) (2.3.1)
Requirement already satisfied: yfinance>=0.2.0 in /opt/hostedtoolcache/Python/3.11.12/x64/lib/python3.11/site-packages (from -r requirements.txt (line 4)) (0.2.63)
Requirement already satisfied: plotly>=5.15.0 in /opt/hostedtoolcache/Python/3.11.12/x64/lib/python3.11/site-packages (from -r requirements.txt (line 5)) (6.1.2)
Requirement already satisfied: python-dateutil>=2.8.0 in /opt/hostedtoolcache/Python/3.11.12/x64/lib/python3.11/site-packages (from -r requirements.txt (line 6)) (2.9.0.post0)
Requirement already satisfied: altair<6,>=4.0 in /opt/hostedtoolcache/Python/3.11.12/x64/lib/python3.11/site-packages (from streamlit>=1.28.0->-r requirements.txt (line 1)) (5.5.0)
Requirement already satisfied: blinker<2,>=1.5.0 in /opt/hostedtoolcache/Python/3.11.12/x64/lib/python3.11/site-packages (from streamlit>=1.28.0->-r requirements.txt (line 1)) (1.9.0)
Requirement already satisfied: cachetools<7,>=4.0 in /opt/hostedtoolcache/Python/3.11.12/x64/lib/python3.11/site-packages (from streamlit>=1.28.0->-r requirements.txt (line 1)) (6.1.0)
Requirement already satisfied: click<9,>=7.0 in /opt/hostedtoolcache/Python/3.11.12/x64/lib/python3.11/site-packages (from streamlit>=1.28.0->-r requirements.txt (line 1)) (8.2.1)
Requirement already satisfied: packaging<26,>=20 in /opt/hostedtoolcache/Python/3.11.12/x64/lib/python3.11/site-packages (from streamlit>=1.28.0->-r requirements.txt (line 1)) (25.0)
Requirement already satisfied: pillow<12,>=7.1.0 in /opt/hostedtoolcache/Python/3.11.12/x64/lib/python3.11/site-packages (from streamlit>=1.28.0->-r requirements.txt (line 1)) (11.2.1)
Requirement already satisfied: protobuf<7,>=3.20 in /opt/hostedtoolcache/Python/3.11.12/x64/lib/python3.11/site-packages (from streamlit>=1.28.0->-r requirements.txt (line 1)) (6.31.1)
Requirement already satisfied: pyarrow>=7.0 in /opt/hostedtoolcache/Python/3.11.12/x64/lib/python3.11/site-packages (from streamlit>=1.28.0->-r requirements.txt (line 1)) (20.0.0)
Requirement already satisfied: requests<3,>=2.27 in /opt/hostedtoolcache/Python/3.11.12/x64/lib/python3.11/site-packages (from streamlit>=1.28.0->-r requirements.txt (line 1)) (2.32.4)
Requirement already satisfied: tenacity<10,>=8.1.0 in /opt/hostedtoolcache/Python/3.11.12/x64/lib/python3.11/site-packages (from streamlit>=1.28.0->-r requirements.txt (line 1)) (9.1.2)
Requirement already satisfied: toml<2,>=0.10.1 in /opt/hostedtoolcache/Python/3.11.12/x64/lib/python3.11/site-packages (from streamlit>=1.28.0->-r requirements.txt (line 1)) (0.10.2)
Requirement already satisfied: typing-extensions<5,>=4.4.0 in /opt/hostedtoolcache/Python/3.11.12/x64/lib/python3.11/site-packages (from streamlit>=1.28.0->-r requirements.txt (line 1)) (4.14.0)
Requirement already satisfied: watchdog<7,>=2.1.5 in /opt/hostedtoolcache/Python/3.11.12/x64/lib/python3.11/site-packages (from streamlit>=1.28.0->-r requirements.txt (line 1)) (6.0.0)
Requirement already satisfied: gitpython!=3.1.19,<4,>=3.0.7 in /opt/hostedtoolcache/Python/3.11.12/x64/lib/python3.11/site-packages (from streamlit>=1.28.0->-r requirements.txt (line 1)) (3.1.44)
Requirement already satisfied: pydeck<1,>=0.8.0b4 in /opt/hostedtoolcache/Python/3.11.12/x64/lib/python3.11/site-packages (from streamlit>=1.28.0->-r requirements.txt (line 1)) (0.9.1)
Requirement already satisfied: tornado!=6.5.0,<7,>=6.0.3 in /opt/hostedtoolcache/Python/3.11.12/x64/lib/python3.11/site-packages (from streamlit>=1.28.0->-r requirements.txt (line 1)) (6.5.1)
Requirement already satisfied: pytz>=2020.1 in /opt/hostedtoolcache/Python/3.11.12/x64/lib/python3.11/site-packages (from pandas>=1.5.0->-r requirements.txt (line 2)) (2025.2)
Requirement already satisfied: tzdata>=2022.7 in /opt/hostedtoolcache/Python/3.11.12/x64/lib/python3.11/site-packages (from pandas>=1.5.0->-r requirements.txt (line 2)) (2025.2)
Requirement already satisfied: jinja2 in /opt/hostedtoolcache/Python/3.11.12/x64/lib/python3.11/site-packages (from altair<6,>=4.0->streamlit>=1.28.0->-r requirements.txt (line 1)) (3.1.6)
Requirement already satisfied: jsonschema>=3.0 in /opt/hostedtoolcache/Python/3.11.12/x64/lib/python3.11/site-packages (from altair<6,>=4.0->streamlit>=1.28.0->-r requirements.txt (line 1)) (4.24.0)
Requirement already satisfied: narwhals>=1.14.2 in /opt/hostedtoolcache/Python/3.11.12/x64/lib/python3.11/site-packages (from altair<6,>=4.0->streamlit>=1.28.0->-r requirements.txt (line 1)) (1.43.1)
Requirement already satisfied: gitdb<5,>=4.0.1 in /opt/hostedtoolcache/Python/3.11.12/x64/lib/python3.11/site-packages (from gitpython!=3.1.19,<4,>=3.0.7->streamlit>=1.28.0->-r requirements.txt (line 1)) (4.0.12)
Requirement already satisfied: smmap<6,>=3.0.1 in /opt/hostedtoolcache/Python/3.11.12/x64/lib/python3.11/site-packages (from gitdb<5,>=4.0.1->gitpython!=3.1.19,<4,>=3.0.7->streamlit>=1.28.0->-r requirements.txt (line 1)) (5.0.2)
Requirement already satisfied: charset_normalizer<4,>=2 in /opt/hostedtoolcache/Python/3.11.12/x64/lib/python3.11/site-packages (from requests<3,>=2.27->streamlit>=1.28.0->-r requirements.txt (line 1)) (3.4.2)
Requirement already satisfied: idna<4,>=2.5 in /opt/hostedtoolcache/Python/3.11.12/x64/lib/python3.11/site-packages (from requests<3,>=2.27->streamlit>=1.28.0->-r requirements.txt (line 1)) (3.10)
Requirement already satisfied: urllib3<3,>=1.21.1 in /opt/hostedtoolcache/Python/3.11.12/x64/lib/python3.11/site-packages (from requests<3,>=2.27->streamlit>=1.28.0->-r requirements.txt (line 1)) (2.5.0)
Requirement already satisfied: certifi>=2017.4.17 in /opt/hostedtoolcache/Python/3.11.12/x64/lib/python3.11/site-packages (from requests<3,>=2.27->streamlit>=1.28.0->-r requirements.txt (line 1)) (2025.6.15)
Requirement already satisfied: multitasking>=0.0.7 in /opt/hostedtoolcache/Python/3.11.12/x64/lib/python3.11/site-packages (from yfinance>=0.2.0->-r requirements.txt (line 4)) (0.0.11)
Requirement already satisfied: platformdirs>=2.0.0 in /opt/hostedtoolcache/Python/3.11.12/x64/lib/python3.11/site-packages (from yfinance>=0.2.0->-r requirements.txt (line 4)) (4.3.8)
Requirement already satisfied: frozendict>=2.3.4 in /opt/hostedtoolcache/Python/3.11.12/x64/lib/python3.11/site-packages (from yfinance>=0.2.0->-r requirements.txt (line 4)) (2.4.6)
Requirement already satisfied: peewee>=3.16.2 in /opt/hostedtoolcache/Python/3.11.12/x64/lib/python3.11/site-packages (from yfinance>=0.2.0->-r requirements.txt (line 4)) (3.18.1)
Requirement already satisfied: beautifulsoup4>=4.11.1 in /opt/hostedtoolcache/Python/3.11.12/x64/lib/python3.11/site-packages (from yfinance>=0.2.0->-r requirements.txt (line 4)) (4.13.4)
Requirement already satisfied: curl_cffi>=0.7 in /opt/hostedtoolcache/Python/3.11.12/x64/lib/python3.11/site-packages (from yfinance>=0.2.0->-r requirements.txt (line 4)) (0.11.4)
Requirement already satisfied: websockets>=13.0 in /opt/hostedtoolcache/Python/3.11.12/x64/lib/python3.11/site-packages (from yfinance>=0.2.0->-r requirements.txt (line 4)) (15.0.1)
Requirement already satisfied: six>=1.5 in /opt/hostedtoolcache/Python/3.11.12/x64/lib/python3.11/site-packages (from python-dateutil>=2.8.0->-r requirements.txt (line 6)) (1.17.0)
Requirement already satisfied: soupsieve>1.2 in /opt/hostedtoolcache/Python/3.11.12/x64/lib/python3.11/site-packages (from beautifulsoup4>=4.11.1->yfinance>=0.2.0->-r requirements.txt (line 4)) (2.7)
Requirement already satisfied: cffi>=1.12.0 in /opt/hostedtoolcache/Python/3.11.12/x64/lib/python3.11/site-packages (from curl_cffi>=0.7->yfinance>=0.2.0->-r requirements.txt (line 4)) (1.17.1)
Requirement already satisfied: pycparser in /opt/hostedtoolcache/Python/3.11.12/x64/lib/python3.11/site-packages (from cffi>=1.12.0->curl_cffi>=0.7->yfinance>=0.2.0->-r requirements.txt (line 4)) (2.22)
Requirement already satisfied: MarkupSafe>=2.0 in /opt/hostedtoolcache/Python/3.11.12/x64/lib/python3.11/site-packages (from jinja2->altair<6,>=4.0->streamlit>=1.28.0->-r requirements.txt (line 1)) (3.0.2)
Requirement already satisfied: attrs>=22.2.0 in /opt/hostedtoolcache/Python/3.11.12/x64/lib/python3.11/site-packages (from jsonschema>=3.0->altair<6,>=4.0->streamlit>=1.28.0->-r requirements.txt (line 1)) (25.3.0)
Requirement already satisfied: jsonschema-specifications>=2023.03.6 in /opt/hostedtoolcache/Python/3.11.12/x64/lib/python3.11/site-packages (from jsonschema>=3.0->altair<6,>=4.0->streamlit>=1.28.0->-r requirements.txt (line 1)) (2025.4.1)
Requirement already satisfied: referencing>=0.28.4 in /opt/hostedtoolcache/Python/3.11.12/x64/lib/python3.11/site-packages (from jsonschema>=3.0->altair<6,>=4.0->streamlit>=1.28.0->-r requirements.txt (line 1)) (0.36.2)
Requirement already satisfied: rpds-py>=0.7.1 in /opt/hostedtoolcache/Python/3.11.12/x64/lib/python3.11/site-packages (from jsonschema>=3.0->altair<6,>=4.0->streamlit>=1.28.0->-r requirements.txt (line 1)) (0.25.1)
ðŸ•’ ì•”í˜¸í™”í ë°ì´í„° ìˆ˜ì§‘ ì¤‘...
âœ… ë°ì´í„° ìˆ˜ì§‘ ì™„ë£Œ: 2017-11-09 ~ 2025-06-22

ðŸ“ˆ BTC ì „ëžµ í‰ê°€ ì¤‘...
ðŸ“ˆ ETH ì „ëžµ í‰ê°€ ì¤‘...
ðŸ“ˆ 50:50 ë¦¬ë°¸ëŸ°ì‹± ì „ëžµ í‰ê°€ ì¤‘...
ðŸ“ˆ 60:40 ë¦¬ë°¸ëŸ°ì‹± ì „ëžµ í‰ê°€ ì¤‘...

âœ… ìµœì í™” ì™„ë£Œ ë° ê²°ê³¼ ì €ìž¥: data/strategy_results.json
[2025-06-22 10:02:01] ìžë™ ì—…ë°ì´íŠ¸ ì„±ê³µ
[2025-06-22 10:02:01] ìžë™ ì—…ë°ì´íŠ¸ ì™„ë£Œ

[2025-06-23 10:00:19] ìžë™ ì—…ë°ì´íŠ¸ ì‹œìž‘
Requirement already satisfied: streamlit>=1.28.0 in /opt/hostedtoolcache/Python/3.11.12/x64/lib/python3.11/site-packages (from -r requirements.txt (line 1)) (1.46.0)
Requirement already satisfied: pandas>=1.5.0 in /opt/hostedtoolcache/Python/3.11.12/x64/lib/python3.11/site-packages (from -r requirements.txt (line 2)) (2.3.0)
Requirement already satisfied: numpy>=1.24.0 in /opt/hostedtoolcache/Python/3.11.12/x64/lib/python3.11/site-packages (from -r requirements.txt (line 3)) (2.3.1)
Requirement already satisfied: yfinance>=0.2.0 in /opt/hostedtoolcache/Python/3.11.12/x64/lib/python3.11/site-packages (from -r requirements.txt (line 4)) (0.2.63)
Requirement already satisfied: plotly>=5.15.0 in /opt/hostedtoolcache/Python/3.11.12/x64/lib/python3.11/site-packages (from -r requirements.txt (line 5)) (6.1.2)
Requirement already satisfied: python-dateutil>=2.8.0 in /opt/hostedtoolcache/Python/3.11.12/x64/lib/python3.11/site-packages (from -r requirements.txt (line 6)) (2.9.0.post0)
Requirement already satisfied: altair<6,>=4.0 in /opt/hostedtoolcache/Python/3.11.12/x64/lib/python3.11/site-packages (from streamlit>=1.28.0->-r requirements.txt (line 1)) (5.5.0)
Requirement already satisfied: blinker<2,>=1.5.0 in /opt/hostedtoolcache/Python/3.11.12/x64/lib/python3.11/site-packages (from streamlit>=1.28.0->-r requirements.txt (line 1)) (1.9.0)
Requirement already satisfied: cachetools<7,>=4.0 in /opt/hostedtoolcache/Python/3.11.12/x64/lib/python3.11/site-packages (from streamlit>=1.28.0->-r requirements.txt (line 1)) (6.1.0)
Requirement already satisfied: click<9,>=7.0 in /opt/hostedtoolcache/Python/3.11.12/x64/lib/python3.11/site-packages (from streamlit>=1.28.0->-r requirements.txt (line 1)) (8.2.1)
Requirement already satisfied: packaging<26,>=20 in /opt/hostedtoolcache/Python/3.11.12/x64/lib/python3.11/site-packages (from streamlit>=1.28.0->-r requirements.txt (line 1)) (25.0)
Requirement already satisfied: pillow<12,>=7.1.0 in /opt/hostedtoolcache/Python/3.11.12/x64/lib/python3.11/site-packages (from streamlit>=1.28.0->-r requirements.txt (line 1)) (11.2.1)
Requirement already satisfied: protobuf<7,>=3.20 in /opt/hostedtoolcache/Python/3.11.12/x64/lib/python3.11/site-packages (from streamlit>=1.28.0->-r requirements.txt (line 1)) (6.31.1)
Requirement already satisfied: pyarrow>=7.0 in /opt/hostedtoolcache/Python/3.11.12/x64/lib/python3.11/site-packages (from streamlit>=1.28.0->-r requirements.txt (line 1)) (20.0.0)
Requirement already satisfied: requests<3,>=2.27 in /opt/hostedtoolcache/Python/3.11.12/x64/lib/python3.11/site-packages (from streamlit>=1.28.0->-r requirements.txt (line 1)) (2.32.4)
Requirement already satisfied: tenacity<10,>=8.1.0 in /opt/hostedtoolcache/Python/3.11.12/x64/lib/python3.11/site-packages (from streamlit>=1.28.0->-r requirements.txt (line 1)) (9.1.2)
Requirement already satisfied: toml<2,>=0.10.1 in /opt/hostedtoolcache/Python/3.11.12/x64/lib/python3.11/site-packages (from streamlit>=1.28.0->-r requirements.txt (line 1)) (0.10.2)
Requirement already satisfied: typing-extensions<5,>=4.4.0 in /opt/hostedtoolcache/Python/3.11.12/x64/lib/python3.11/site-packages (from streamlit>=1.28.0->-r requirements.txt (line 1)) (4.14.0)
Requirement already satisfied: watchdog<7,>=2.1.5 in /opt/hostedtoolcache/Python/3.11.12/x64/lib/python3.11/site-packages (from streamlit>=1.28.0->-r requirements.txt (line 1)) (6.0.0)
Requirement already satisfied: gitpython!=3.1.19,<4,>=3.0.7 in /opt/hostedtoolcache/Python/3.11.12/x64/lib/python3.11/site-packages (from streamlit>=1.28.0->-r requirements.txt (line 1)) (3.1.44)
Requirement already satisfied: pydeck<1,>=0.8.0b4 in /opt/hostedtoolcache/Python/3.11.12/x64/lib/python3.11/site-packages (from streamlit>=1.28.0->-r requirements.txt (line 1)) (0.9.1)
Requirement already satisfied: tornado!=6.5.0,<7,>=6.0.3 in /opt/hostedtoolcache/Python/3.11.12/x64/lib/python3.11/site-packages (from streamlit>=1.28.0->-r requirements.txt (line 1)) (6.5.1)
Requirement already satisfied: pytz>=2020.1 in /opt/hostedtoolcache/Python/3.11.12/x64/lib/python3.11/site-packages (from pandas>=1.5.0->-r requirements.txt (line 2)) (2025.2)
Requirement already satisfied: tzdata>=2022.7 in /opt/hostedtoolcache/Python/3.11.12/x64/lib/python3.11/site-packages (from pandas>=1.5.0->-r requirements.txt (line 2)) (2025.2)
Requirement already satisfied: jinja2 in /opt/hostedtoolcache/Python/3.11.12/x64/lib/python3.11/site-packages (from altair<6,>=4.0->streamlit>=1.28.0->-r requirements.txt (line 1)) (3.1.6)
Requirement already satisfied: jsonschema>=3.0 in /opt/hostedtoolcache/Python/3.11.12/x64/lib/python3.11/site-packages (from altair<6,>=4.0->streamlit>=1.28.0->-r requirements.txt (line 1)) (4.24.0)
Requirement already satisfied: narwhals>=1.14.2 in /opt/hostedtoolcache/Python/3.11.12/x64/lib/python3.11/site-packages (from altair<6,>=4.0->streamlit>=1.28.0->-r requirements.txt (line 1)) (1.43.1)
Requirement already satisfied: gitdb<5,>=4.0.1 in /opt/hostedtoolcache/Python/3.11.12/x64/lib/python3.11/site-packages (from gitpython!=3.1.19,<4,>=3.0.7->streamlit>=1.28.0->-r requirements.txt (line 1)) (4.0.12)
Requirement already satisfied: smmap<6,>=3.0.1 in /opt/hostedtoolcache/Python/3.11.12/x64/lib/python3.11/site-packages (from gitdb<5,>=4.0.1->gitpython!=3.1.19,<4,>=3.0.7->streamlit>=1.28.0->-r requirements.txt (line 1)) (5.0.2)
Requirement already satisfied: charset_normalizer<4,>=2 in /opt/hostedtoolcache/Python/3.11.12/x64/lib/python3.11/site-packages (from requests<3,>=2.27->streamlit>=1.28.0->-r requirements.txt (line 1)) (3.4.2)
Requirement already satisfied: idna<4,>=2.5 in /opt/hostedtoolcache/Python/3.11.12/x64/lib/python3.11/site-packages (from requests<3,>=2.27->streamlit>=1.28.0->-r requirements.txt (line 1)) (3.10)
Requirement already satisfied: urllib3<3,>=1.21.1 in /opt/hostedtoolcache/Python/3.11.12/x64/lib/python3.11/site-packages (from requests<3,>=2.27->streamlit>=1.28.0->-r requirements.txt (line 1)) (2.5.0)
Requirement already satisfied: certifi>=2017.4.17 in /opt/hostedtoolcache/Python/3.11.12/x64/lib/python3.11/site-packages (from requests<3,>=2.27->streamlit>=1.28.0->-r requirements.txt (line 1)) (2025.6.15)
Requirement already satisfied: multitasking>=0.0.7 in /opt/hostedtoolcache/Python/3.11.12/x64/lib/python3.11/site-packages (from yfinance>=0.2.0->-r requirements.txt (line 4)) (0.0.11)
Requirement already satisfied: platformdirs>=2.0.0 in /opt/hostedtoolcache/Python/3.11.12/x64/lib/python3.11/site-packages (from yfinance>=0.2.0->-r requirements.txt (line 4)) (4.3.8)
Requirement already satisfied: frozendict>=2.3.4 in /opt/hostedtoolcache/Python/3.11.12/x64/lib/python3.11/site-packages (from yfinance>=0.2.0->-r requirements.txt (line 4)) (2.4.6)
Requirement already satisfied: peewee>=3.16.2 in /opt/hostedtoolcache/Python/3.11.12/x64/lib/python3.11/site-packages (from yfinance>=0.2.0->-r requirements.txt (line 4)) (3.18.1)
Requirement already satisfied: beautifulsoup4>=4.11.1 in /opt/hostedtoolcache/Python/3.11.12/x64/lib/python3.11/site-packages (from yfinance>=0.2.0->-r requirements.txt (line 4)) (4.13.4)
Requirement already satisfied: curl_cffi>=0.7 in /opt/hostedtoolcache/Python/3.11.12/x64/lib/python3.11/site-packages (from yfinance>=0.2.0->-r requirements.txt (line 4)) (0.11.4)
Requirement already satisfied: websockets>=13.0 in /opt/hostedtoolcache/Python/3.11.12/x64/lib/python3.11/site-packages (from yfinance>=0.2.0->-r requirements.txt (line 4)) (15.0.1)
Requirement already satisfied: six>=1.5 in /opt/hostedtoolcache/Python/3.11.12/x64/lib/python3.11/site-packages (from python-dateutil>=2.8.0->-r requirements.txt (line 6)) (1.17.0)
Requirement already satisfied: soupsieve>1.2 in /opt/hostedtoolcache/Python/3.11.12/x64/lib/python3.11/site-packages (from beautifulsoup4>=4.11.1->yfinance>=0.2.0->-r requirements.txt (line 4)) (2.7)
Requirement already satisfied: cffi>=1.12.0 in /opt/hostedtoolcache/Python/3.11.12/x64/lib/python3.11/site-packages (from curl_cffi>=0.7->yfinance>=0.2.0->-r requirements.txt (line 4)) (1.17.1)
Requirement already satisfied: pycparser in /opt/hostedtoolcache/Python/3.11.12/x64/lib/python3.11/site-packages (from cffi>=1.12.0->curl_cffi>=0.7->yfinance>=0.2.0->-r requirements.txt (line 4)) (2.22)
Requirement already satisfied: MarkupSafe>=2.0 in /opt/hostedtoolcache/Python/3.11.12/x64/lib/python3.11/site-packages (from jinja2->altair<6,>=4.0->streamlit>=1.28.0->-r requirements.txt (line 1)) (3.0.2)
Requirement already satisfied: attrs>=22.2.0 in /opt/hostedtoolcache/Python/3.11.12/x64/lib/python3.11/site-packages (from jsonschema>=3.0->altair<6,>=4.0->streamlit>=1.28.0->-r requirements.txt (line 1)) (25.3.0)
Requirement already satisfied: jsonschema-specifications>=2023.03.6 in /opt/hostedtoolcache/Python/3.11.12/x64/lib/python3.11/site-packages (from jsonschema>=3.0->altair<6,>=4.0->streamlit>=1.28.0->-r requirements.txt (line 1)) (2025.4.1)
Requirement already satisfied: referencing>=0.28.4 in /opt/hostedtoolcache/Python/3.11.12/x64/lib/python3.11/site-packages (from jsonschema>=3.0->altair<6,>=4.0->streamlit>=1.28.0->-r requirements.txt (line 1)) (0.36.2)
Requirement already satisfied: rpds-py>=0.7.1 in /opt/hostedtoolcache/Python/3.11.12/x64/lib/python3.11/site-packages (from jsonschema>=3.0->altair<6,>=4.0->streamlit>=1.28.0->-r requirements.txt (line 1)) (0.25.1)
ðŸ•’ ì•”í˜¸í™”í ë°ì´í„° ìˆ˜ì§‘ ì¤‘...
âœ… ë°ì´í„° ìˆ˜ì§‘ ì™„ë£Œ: 2017-11-09 ~ 2025-06-23

ðŸ“ˆ BTC ì „ëžµ í‰ê°€ ì¤‘...
ðŸ“ˆ ETH ì „ëžµ í‰ê°€ ì¤‘...
ðŸ“ˆ 50:50 ë¦¬ë°¸ëŸ°ì‹± ì „ëžµ í‰ê°€ ì¤‘...
ðŸ“ˆ 60:40 ë¦¬ë°¸ëŸ°ì‹± ì „ëžµ í‰ê°€ ì¤‘...

âœ… ìµœì í™” ì™„ë£Œ ë° ê²°ê³¼ ì €ìž¥: data/strategy_results.json
[2025-06-23 10:00:27] ìžë™ ì—…ë°ì´íŠ¸ ì„±ê³µ
[2025-06-23 10:00:27] ìžë™ ì—…ë°ì´íŠ¸ ì™„ë£Œ

[2025-06-24 09:57:02] ìžë™ ì—…ë°ì´íŠ¸ ì‹œìž‘
Requirement already satisfied: streamlit>=1.28.0 in /opt/hostedtoolcache/Python/3.11.12/x64/lib/python3.11/site-packages (from -r requirements.txt (line 1)) (1.46.0)
Requirement already satisfied: pandas>=1.5.0 in /opt/hostedtoolcache/Python/3.11.12/x64/lib/python3.11/site-packages (from -r requirements.txt (line 2)) (2.3.0)
Requirement already satisfied: numpy>=1.24.0 in /opt/hostedtoolcache/Python/3.11.12/x64/lib/python3.11/site-packages (from -r requirements.txt (line 3)) (2.3.1)
Requirement already satisfied: yfinance>=0.2.0 in /opt/hostedtoolcache/Python/3.11.12/x64/lib/python3.11/site-packages (from -r requirements.txt (line 4)) (0.2.63)
Requirement already satisfied: plotly>=5.15.0 in /opt/hostedtoolcache/Python/3.11.12/x64/lib/python3.11/site-packages (from -r requirements.txt (line 5)) (6.1.2)
Requirement already satisfied: python-dateutil>=2.8.0 in /opt/hostedtoolcache/Python/3.11.12/x64/lib/python3.11/site-packages (from -r requirements.txt (line 6)) (2.9.0.post0)
Requirement already satisfied: altair<6,>=4.0 in /opt/hostedtoolcache/Python/3.11.12/x64/lib/python3.11/site-packages (from streamlit>=1.28.0->-r requirements.txt (line 1)) (5.5.0)
Requirement already satisfied: blinker<2,>=1.5.0 in /opt/hostedtoolcache/Python/3.11.12/x64/lib/python3.11/site-packages (from streamlit>=1.28.0->-r requirements.txt (line 1)) (1.9.0)
Requirement already satisfied: cachetools<7,>=4.0 in /opt/hostedtoolcache/Python/3.11.12/x64/lib/python3.11/site-packages (from streamlit>=1.28.0->-r requirements.txt (line 1)) (6.1.0)
Requirement already satisfied: click<9,>=7.0 in /opt/hostedtoolcache/Python/3.11.12/x64/lib/python3.11/site-packages (from streamlit>=1.28.0->-r requirements.txt (line 1)) (8.2.1)
Requirement already satisfied: packaging<26,>=20 in /opt/hostedtoolcache/Python/3.11.12/x64/lib/python3.11/site-packages (from streamlit>=1.28.0->-r requirements.txt (line 1)) (25.0)
Requirement already satisfied: pillow<12,>=7.1.0 in /opt/hostedtoolcache/Python/3.11.12/x64/lib/python3.11/site-packages (from streamlit>=1.28.0->-r requirements.txt (line 1)) (11.2.1)
Requirement already satisfied: protobuf<7,>=3.20 in /opt/hostedtoolcache/Python/3.11.12/x64/lib/python3.11/site-packages (from streamlit>=1.28.0->-r requirements.txt (line 1)) (6.31.1)
Requirement already satisfied: pyarrow>=7.0 in /opt/hostedtoolcache/Python/3.11.12/x64/lib/python3.11/site-packages (from streamlit>=1.28.0->-r requirements.txt (line 1)) (20.0.0)
Requirement already satisfied: requests<3,>=2.27 in /opt/hostedtoolcache/Python/3.11.12/x64/lib/python3.11/site-packages (from streamlit>=1.28.0->-r requirements.txt (line 1)) (2.32.4)
Requirement already satisfied: tenacity<10,>=8.1.0 in /opt/hostedtoolcache/Python/3.11.12/x64/lib/python3.11/site-packages (from streamlit>=1.28.0->-r requirements.txt (line 1)) (9.1.2)
Requirement already satisfied: toml<2,>=0.10.1 in /opt/hostedtoolcache/Python/3.11.12/x64/lib/python3.11/site-packages (from streamlit>=1.28.0->-r requirements.txt (line 1)) (0.10.2)
Requirement already satisfied: typing-extensions<5,>=4.4.0 in /opt/hostedtoolcache/Python/3.11.12/x64/lib/python3.11/site-packages (from streamlit>=1.28.0->-r requirements.txt (line 1)) (4.14.0)
Requirement already satisfied: watchdog<7,>=2.1.5 in /opt/hostedtoolcache/Python/3.11.12/x64/lib/python3.11/site-packages (from streamlit>=1.28.0->-r requirements.txt (line 1)) (6.0.0)
Requirement already satisfied: gitpython!=3.1.19,<4,>=3.0.7 in /opt/hostedtoolcache/Python/3.11.12/x64/lib/python3.11/site-packages (from streamlit>=1.28.0->-r requirements.txt (line 1)) (3.1.44)
Requirement already satisfied: pydeck<1,>=0.8.0b4 in /opt/hostedtoolcache/Python/3.11.12/x64/lib/python3.11/site-packages (from streamlit>=1.28.0->-r requirements.txt (line 1)) (0.9.1)
Requirement already satisfied: tornado!=6.5.0,<7,>=6.0.3 in /opt/hostedtoolcache/Python/3.11.12/x64/lib/python3.11/site-packages (from streamlit>=1.28.0->-r requirements.txt (line 1)) (6.5.1)
Requirement already satisfied: pytz>=2020.1 in /opt/hostedtoolcache/Python/3.11.12/x64/lib/python3.11/site-packages (from pandas>=1.5.0->-r requirements.txt (line 2)) (2025.2)
Requirement already satisfied: tzdata>=2022.7 in /opt/hostedtoolcache/Python/3.11.12/x64/lib/python3.11/site-packages (from pandas>=1.5.0->-r requirements.txt (line 2)) (2025.2)
Requirement already satisfied: jinja2 in /opt/hostedtoolcache/Python/3.11.12/x64/lib/python3.11/site-packages (from altair<6,>=4.0->streamlit>=1.28.0->-r requirements.txt (line 1)) (3.1.6)
Requirement already satisfied: jsonschema>=3.0 in /opt/hostedtoolcache/Python/3.11.12/x64/lib/python3.11/site-packages (from altair<6,>=4.0->streamlit>=1.28.0->-r requirements.txt (line 1)) (4.24.0)
Requirement already satisfied: narwhals>=1.14.2 in /opt/hostedtoolcache/Python/3.11.12/x64/lib/python3.11/site-packages (from altair<6,>=4.0->streamlit>=1.28.0->-r requirements.txt (line 1)) (1.44.0)
Requirement already satisfied: gitdb<5,>=4.0.1 in /opt/hostedtoolcache/Python/3.11.12/x64/lib/python3.11/site-packages (from gitpython!=3.1.19,<4,>=3.0.7->streamlit>=1.28.0->-r requirements.txt (line 1)) (4.0.12)
Requirement already satisfied: smmap<6,>=3.0.1 in /opt/hostedtoolcache/Python/3.11.12/x64/lib/python3.11/site-packages (from gitdb<5,>=4.0.1->gitpython!=3.1.19,<4,>=3.0.7->streamlit>=1.28.0->-r requirements.txt (line 1)) (5.0.2)
Requirement already satisfied: charset_normalizer<4,>=2 in /opt/hostedtoolcache/Python/3.11.12/x64/lib/python3.11/site-packages (from requests<3,>=2.27->streamlit>=1.28.0->-r requirements.txt (line 1)) (3.4.2)
Requirement already satisfied: idna<4,>=2.5 in /opt/hostedtoolcache/Python/3.11.12/x64/lib/python3.11/site-packages (from requests<3,>=2.27->streamlit>=1.28.0->-r requirements.txt (line 1)) (3.10)
Requirement already satisfied: urllib3<3,>=1.21.1 in /opt/hostedtoolcache/Python/3.11.12/x64/lib/python3.11/site-packages (from requests<3,>=2.27->streamlit>=1.28.0->-r requirements.txt (line 1)) (2.5.0)
Requirement already satisfied: certifi>=2017.4.17 in /opt/hostedtoolcache/Python/3.11.12/x64/lib/python3.11/site-packages (from requests<3,>=2.27->streamlit>=1.28.0->-r requirements.txt (line 1)) (2025.6.15)
Requirement already satisfied: multitasking>=0.0.7 in /opt/hostedtoolcache/Python/3.11.12/x64/lib/python3.11/site-packages (from yfinance>=0.2.0->-r requirements.txt (line 4)) (0.0.11)
Requirement already satisfied: platformdirs>=2.0.0 in /opt/hostedtoolcache/Python/3.11.12/x64/lib/python3.11/site-packages (from yfinance>=0.2.0->-r requirements.txt (line 4)) (4.3.8)
Requirement already satisfied: frozendict>=2.3.4 in /opt/hostedtoolcache/Python/3.11.12/x64/lib/python3.11/site-packages (from yfinance>=0.2.0->-r requirements.txt (line 4)) (2.4.6)
Requirement already satisfied: peewee>=3.16.2 in /opt/hostedtoolcache/Python/3.11.12/x64/lib/python3.11/site-packages (from yfinance>=0.2.0->-r requirements.txt (line 4)) (3.18.1)
Requirement already satisfied: beautifulsoup4>=4.11.1 in /opt/hostedtoolcache/Python/3.11.12/x64/lib/python3.11/site-packages (from yfinance>=0.2.0->-r requirements.txt (line 4)) (4.13.4)
Requirement already satisfied: curl_cffi>=0.7 in /opt/hostedtoolcache/Python/3.11.12/x64/lib/python3.11/site-packages (from yfinance>=0.2.0->-r requirements.txt (line 4)) (0.11.4)
Requirement already satisfied: websockets>=13.0 in /opt/hostedtoolcache/Python/3.11.12/x64/lib/python3.11/site-packages (from yfinance>=0.2.0->-r requirements.txt (line 4)) (15.0.1)
Requirement already satisfied: six>=1.5 in /opt/hostedtoolcache/Python/3.11.12/x64/lib/python3.11/site-packages (from python-dateutil>=2.8.0->-r requirements.txt (line 6)) (1.17.0)
Requirement already satisfied: soupsieve>1.2 in /opt/hostedtoolcache/Python/3.11.12/x64/lib/python3.11/site-packages (from beautifulsoup4>=4.11.1->yfinance>=0.2.0->-r requirements.txt (line 4)) (2.7)
Requirement already satisfied: cffi>=1.12.0 in /opt/hostedtoolcache/Python/3.11.12/x64/lib/python3.11/site-packages (from curl_cffi>=0.7->yfinance>=0.2.0->-r requirements.txt (line 4)) (1.17.1)
Requirement already satisfied: pycparser in /opt/hostedtoolcache/Python/3.11.12/x64/lib/python3.11/site-packages (from cffi>=1.12.0->curl_cffi>=0.7->yfinance>=0.2.0->-r requirements.txt (line 4)) (2.22)
Requirement already satisfied: MarkupSafe>=2.0 in /opt/hostedtoolcache/Python/3.11.12/x64/lib/python3.11/site-packages (from jinja2->altair<6,>=4.0->streamlit>=1.28.0->-r requirements.txt (line 1)) (3.0.2)
Requirement already satisfied: attrs>=22.2.0 in /opt/hostedtoolcache/Python/3.11.12/x64/lib/python3.11/site-packages (from jsonschema>=3.0->altair<6,>=4.0->streamlit>=1.28.0->-r requirements.txt (line 1)) (25.3.0)
Requirement already satisfied: jsonschema-specifications>=2023.03.6 in /opt/hostedtoolcache/Python/3.11.12/x64/lib/python3.11/site-packages (from jsonschema>=3.0->altair<6,>=4.0->streamlit>=1.28.0->-r requirements.txt (line 1)) (2025.4.1)
Requirement already satisfied: referencing>=0.28.4 in /opt/hostedtoolcache/Python/3.11.12/x64/lib/python3.11/site-packages (from jsonschema>=3.0->altair<6,>=4.0->streamlit>=1.28.0->-r requirements.txt (line 1)) (0.36.2)
Requirement already satisfied: rpds-py>=0.7.1 in /opt/hostedtoolcache/Python/3.11.12/x64/lib/python3.11/site-packages (from jsonschema>=3.0->altair<6,>=4.0->streamlit>=1.28.0->-r requirements.txt (line 1)) (0.25.1)
ðŸ•’ ì•”í˜¸í™”í ë°ì´í„° ìˆ˜ì§‘ ì¤‘...
âœ… ë°ì´í„° ìˆ˜ì§‘ ì™„ë£Œ: 2017-11-09 ~ 2025-06-24

ðŸ“ˆ BTC ì „ëžµ í‰ê°€ ì¤‘...
ðŸ“ˆ ETH ì „ëžµ í‰ê°€ ì¤‘...
ðŸ“ˆ 50:50 ë¦¬ë°¸ëŸ°ì‹± ì „ëžµ í‰ê°€ ì¤‘...
ðŸ“ˆ 60:40 ë¦¬ë°¸ëŸ°ì‹± ì „ëžµ í‰ê°€ ì¤‘...

âœ… ìµœì í™” ì™„ë£Œ ë° ê²°ê³¼ ì €ìž¥: data/strategy_results.json
[2025-06-24 09:57:10] ìžë™ ì—…ë°ì´íŠ¸ ì„±ê³µ
[2025-06-24 09:57:10] ìžë™ ì—…ë°ì´íŠ¸ ì™„ë£Œ

